21:22:50.621 - [Server server1] EventLogger initialized for server server1
21:22:50.664 - [Server server1] Inicializando comunicação no endereço: tcp://localhost:6038
21:22:50.667 - [Server server1] Inicializando comunicação no endereço: tcp://localhost:6038
21:22:50.671 - [Server server1] Servidor registrado: balancer em localhost:6030
21:22:50.671 - [Server server1] Servidor registrado: balancer em localhost:6030
21:22:50.671 - [Server server1] Servidor registrado: server2 em localhost:6040
21:22:50.671 - [Server server1] Servidor registrado: server2 em localhost:6040
21:22:50.672 - [Server server1] Servidor registrado: server3 em localhost:6042
21:22:50.672 - [Server server1] Servidor registrado: server3 em localhost:6042
21:22:50.674 - [Server server1] Serviços de sincronização inicializados
21:22:50.674 - [Server server1] Inicializando como servidor de aplicação
21:22:50.675 - [Server server1] Arquivo de usuários não encontrado, iniciando com repositório vazio
21:22:50.676 - [Server server1] Arquivo de publicações não encontrado, iniciando com repositório vazio
21:22:50.677 - [Server server1] Arquivo de mensagens não encontrado, iniciando com repositório vazio
21:22:50.680 - [Server server1] ReplicationManager inicializado com todos os repositórios
21:22:50.680 - [Server server1] Iniciando serviços...
21:22:50.682 - [Server server1] TimeManager inicializado com offset: 0
21:22:50.705 - [Server server1] Tentando bind em tcp://localhost:6038 (tentativa 1 de 5)
21:22:50.710 - [Server server1] Bind bem-sucedido em tcp://localhost:6038
21:22:50.710 - [Server server1] Receptor de mensagens de sincronização iniciado com sucesso
21:22:51.700 - [Server server1] Comunicação entre servidores iniciada em tcp://localhost:6038
21:22:51.700 - [Server server1] Serviço de sincronização de relógios iniciado
21:22:51.701 - [Server server1] Iniciando serviço de replicação de dados
21:22:51.702 - [Server server1] Serviços de sincronização iniciados
21:22:51.706 - [Server server1] Todos os serviços de aplicação iniciados
21:22:51.708 - [Server server1] Sistema iniciado com sucesso
21:22:51.723 - [Server server1] Serviço de usuários iniciado em tcp://localhost:5855
21:22:51.723 - [Server server1] Serviço de mensagens iniciado em tcp://localhost:5655
21:22:51.724 - [Server server1] Serviço de posts iniciado em tcp://localhost:5555
21:22:51.725 - [Server server1] Serviço de seguidores iniciado em tcp://localhost:5755
21:22:53.714 - [Server server1] Iniciando verificação periódica de coordenador
21:22:55.739 - [Server server1] Iniciando serviço de descoberta de servidores
21:22:58.882 - [Server server1] Mensagem recebida: {"fromServer":"balancer","logicalTime":5,"action":"SERVER_PING"}
21:22:58.931 - [Server server1] Mensagem recebida: {"syncAddress":"tcp://localhost:6030","logicalTime":9,"serverAddress":"localhost","action":"SERVER_ANNOUNCEMENT","serverPort":5000,"serverId":"balancer"}
21:22:58.935 - [Server server1] Recebido anúncio do servidor balancer em localhost:5000 (sync: tcp://localhost:6030)
21:22:58.936 - [Server server1] Informações atualizadas para servidor: balancer
21:23:00.772 - [Server server1] Mensagem enviada para balancer: {"fromServer":"server1","logicalTime":11,"action":"SERVER_PING"}
21:23:00.776 - [Server server1] Resposta recebida de balancer: {"success":true,"logicalTime":12,"isActive":true,"serverId":"balancer"}
21:23:00.796 - [Server server1] Mensagem enviada para server3: {"fromServer":"server1","logicalTime":14,"action":"SERVER_PING"}
21:23:00.813 - [Server server1] Resposta recebida de server3: {"success":true,"logicalTime":15,"isActive":true,"serverId":"server3"}
21:23:00.831 - [Server server1] Mensagem enviada para server2: {"fromServer":"server1","logicalTime":17,"action":"SERVER_PING"}
21:23:00.833 - [Server server1] Resposta recebida de server2: {"success":true,"logicalTime":18,"isActive":true,"serverId":"server2"}
21:23:00.836 - [Server server1] Verificação completa: 3 servidores ativos, 0 servidores inativos
21:23:03.776 - [Server server1] Mensagem enviada para server3: {"syncAddress":"tcp://localhost:6038","logicalTime":21,"serverAddress":"localhost","action":"SERVER_ANNOUNCEMENT","serverPort":5555,"serverId":"server1"}
21:23:03.782 - [Server server1] Mensagem enviada para balancer: {"syncAddress":"tcp://localhost:6038","logicalTime":20,"serverAddress":"localhost","action":"SERVER_ANNOUNCEMENT","serverPort":5555,"serverId":"server1"}
21:23:03.784 - [Server server1] Resposta recebida de server3: {"success":true,"logicalTime":22}
21:23:03.788 - [Server server1] Mensagem enviada para server2: {"syncAddress":"tcp://localhost:6038","logicalTime":22,"serverAddress":"localhost","action":"SERVER_ANNOUNCEMENT","serverPort":5555,"serverId":"server1"}
21:23:03.791 - [Server server1] Resposta recebida de balancer: {"success":true,"logicalTime":21}
21:23:03.792 - [Server server1] Resposta recebida de server2: {"success":true,"logicalTime":23}
21:23:05.984 - [Server server1] Mensagem recebida: {"fromServer":"server2","logicalTime":30,"action":"SERVER_PING"}
21:23:08.962 - [Server server1] Mensagem recebida: {"syncAddress":"tcp://localhost:6040","logicalTime":35,"serverAddress":"localhost","action":"SERVER_ANNOUNCEMENT","serverPort":5556,"serverId":"server2"}
21:23:08.963 - [Server server1] Recebido anúncio do servidor server2 em localhost:5556 (sync: tcp://localhost:6040)
21:23:08.963 - [Server server1] Informações atualizadas para servidor: server2
21:23:10.854 - [Server server1] Mensagem recebida: {"fromServer":"server3","logicalTime":45,"action":"SERVER_PING"}
21:23:10.854 - [Server server1] Mensagem recebida: {"fromServer":"balancer","logicalTime":42,"action":"SERVER_PING"}
21:23:13.800 - [Server server1] Mensagem recebida: {"syncAddress":"tcp://localhost:6042","logicalTime":50,"serverAddress":"localhost","action":"SERVER_ANNOUNCEMENT","serverPort":5557,"serverId":"server3"}
21:23:13.800 - [Server server1] Recebido anúncio do servidor server3 em localhost:5557 (sync: tcp://localhost:6042)
21:23:13.801 - [Server server1] Informações atualizadas para servidor: server3
21:23:15.776 - [Server server1] Mensagem enviada para balancer: {"fromServer":"server1","logicalTime":52,"action":"SERVER_PING"}
21:23:15.779 - [Server server1] Resposta recebida de balancer: {"success":true,"logicalTime":53,"isActive":true,"serverId":"balancer"}
21:23:15.815 - [Server server1] Mensagem enviada para server3: {"fromServer":"server1","logicalTime":55,"action":"SERVER_PING"}
21:23:15.817 - [Server server1] Resposta recebida de server3: {"success":true,"logicalTime":56,"isActive":true,"serverId":"server3"}
21:23:15.835 - [Server server1] Mensagem enviada para server2: {"fromServer":"server1","logicalTime":58,"action":"SERVER_PING"}
21:23:15.837 - [Server server1] Resposta recebida de server2: {"success":true,"logicalTime":59,"isActive":true,"serverId":"server2"}
21:23:15.838 - [Server server1] Verificação completa: 3 servidores ativos, 0 servidores inativos
21:23:18.793 - [Server server1] Mensagem recebida: {"fromServer":"balancer","logicalTime":62,"action":"IS_COORDINATOR_REQUEST"}
21:23:18.835 - [Server server1] Mensagem recebida: {"fromServer":"balancer","logicalTime":67,"action":"ELECTION"}
21:23:18.835 - [Server server1] Iniciando eleição de coordenador
21:23:18.870 - [Server server1] Mensagem enviada para server2: {"fromServer":"server1","logicalTime":71,"action":"ELECTION"}
21:23:18.870 - [Server server1] Mensagem enviada para balancer: {"fromServer":"server1","logicalTime":69,"action":"ELECTION_RESPONSE"}
21:23:18.871 - [Server server1] Mensagem enviada para server3: {"fromServer":"server1","logicalTime":70,"action":"ELECTION"}
21:23:18.871 - [Server server1] Resposta recebida de server2: {"success":true,"logicalTime":72}
21:23:18.873 - [Server server1] Resposta recebida de balancer: {"success":true,"logicalTime":75}
21:23:18.874 - [Server server1] Resposta recebida de server3: {"success":true,"logicalTime":72}
21:23:18.887 - [Server server1] Mensagem recebida: {"logicalTime":70,"action":"COORDINATOR","coordinatorId":"server3"}
21:23:18.889 - [Server server1] Este servidor agora reconhece server3 como coordenador
21:23:18.907 - [Server server1] Mensagem recebida: {"fromServer":"server3","logicalTime":72,"action":"ELECTION_RESPONSE"}
21:23:18.908 - [Server server1] Mensagem recebida: {"logicalTime":75,"action":"COORDINATOR","coordinatorId":"server3"}
21:23:18.909 - [Server server1] Este servidor agora reconhece server3 como coordenador
21:23:18.910 - [Server server1] Mensagem recebida: {"fromServer":"server2","logicalTime":73,"action":"ELECTION_RESPONSE"}
21:23:18.912 - [Server server1] Mensagem recebida: {"logicalTime":84,"action":"COORDINATOR","coordinatorId":"server3"}
21:23:18.913 - [Server server1] Este servidor agora reconhece server3 como coordenador
21:32:37.676 - [Server server1] EventLogger initialized for server server1
21:32:37.722 - [Server server1] Inicializando comunicação no endereço: tcp://localhost:6038
21:32:37.726 - [Server server1] Inicializando comunicação no endereço: tcp://localhost:6038
21:32:37.730 - [Server server1] Servidor registrado: balancer em localhost:6030
21:32:37.730 - [Server server1] Servidor registrado: balancer em localhost:6030
21:32:37.730 - [Server server1] Servidor registrado: server2 em localhost:6040
21:32:37.730 - [Server server1] Servidor registrado: server2 em localhost:6040
21:32:37.731 - [Server server1] Servidor registrado: server3 em localhost:6042
21:32:37.731 - [Server server1] Servidor registrado: server3 em localhost:6042
21:32:37.731 - [Server server1] Inicializando como servidor de aplicação
21:32:37.732 - [Server server1] Arquivo de usuários não encontrado, iniciando com repositório vazio
21:32:37.733 - [Server server1] Arquivo de publicações não encontrado, iniciando com repositório vazio
21:32:37.733 - [Server server1] Arquivo de mensagens não encontrado, iniciando com repositório vazio
21:32:37.736 - [Server server1] ReplicationManager inicializado com todos os repositórios
21:32:37.736 - [Server server1] Iniciando serviços...
21:32:37.738 - [Server server1] TimeManager inicializado com offset: 0
21:32:37.763 - [Server server1] Tentando bind em tcp://localhost:6038 (tentativa 1 de 5)
21:32:37.767 - [Server server1] Bind bem-sucedido em tcp://localhost:6038
21:32:38.760 - [Server server1] Comunicação entre servidores iniciada em tcp://localhost:6038
21:32:38.761 - [Server server1] Iniciando serviço de replicação de dados
21:32:38.766 - [Server server1] Todos os serviços de aplicação iniciados
21:32:38.768 - [Server server1] Sistema iniciado com sucesso
21:32:38.786 - [Server server1] Serviço de usuários iniciado em tcp://localhost:5855
21:32:38.786 - [Server server1] Serviço de posts iniciado em tcp://localhost:5555
21:32:38.786 - [Server server1] Serviço de mensagens iniciado em tcp://localhost:5655
21:32:38.787 - [Server server1] Serviço de seguidores iniciado em tcp://localhost:5755
21:32:42.805 - [Server server1] Iniciando serviço de descoberta de servidores
21:32:46.329 - [Server server1] Mensagem recebida: {"syncAddress":"tcp://localhost:6030","logicalTime":9,"serverAddress":"localhost","action":"SERVER_ANNOUNCEMENT","serverPort":5000,"serverId":"balancer"}
21:32:46.332 - [Server server1] Recebido anúncio do servidor balancer em localhost:5000 (sync: tcp://localhost:6030)
21:32:46.333 - [Server server1] Informações atualizadas para servidor: balancer
21:32:47.819 - [Server server1] Verificando status dos servidores...
21:32:47.865 - [Server server1] Resposta recebida de balancer: {"success":true,"logicalTime":12,"isActive":true,"serverId":"balancer"}
21:32:47.902 - [Server server1] Resposta recebida de server3: {"success":true,"logicalTime":15,"isActive":true,"serverId":"server3"}
21:32:47.918 - [Server server1] Resposta recebida de server2: {"success":true,"logicalTime":18,"isActive":true,"serverId":"server2"}
21:32:50.813 - [Server server1] Anunciando presença do servidor server1 na rede
21:32:50.854 - [Server server1] Mensagem enviada para server2: {"syncAddress":"tcp://localhost:6038","logicalTime":21,"serverAddress":"localhost","action":"SERVER_ANNOUNCEMENT","serverPort":5555,"serverId":"server1"}
21:32:50.856 - [Server server1] Mensagem enviada para balancer: {"syncAddress":"tcp://localhost:6038","logicalTime":20,"serverAddress":"localhost","action":"SERVER_ANNOUNCEMENT","serverPort":5555,"serverId":"server1"}
21:32:50.858 - [Server server1] Resposta recebida de server2: {"success":true,"logicalTime":22}
21:32:50.864 - [Server server1] Mensagem enviada para server3: {"syncAddress":"tcp://localhost:6038","logicalTime":22,"serverAddress":"localhost","action":"SERVER_ANNOUNCEMENT","serverPort":5555,"serverId":"server1"}
21:32:50.865 - [Server server1] Resposta recebida de balancer: {"success":true,"logicalTime":21}
21:32:50.869 - [Server server1] Resposta recebida de server3: {"success":true,"logicalTime":23}
21:32:55.827 - [Server server1] Mensagem recebida: {"syncAddress":"tcp://localhost:6040","logicalTime":34,"serverAddress":"localhost","action":"SERVER_ANNOUNCEMENT","serverPort":5556,"serverId":"server2"}
21:32:55.828 - [Server server1] Recebido anúncio do servidor server2 em localhost:5556 (sync: tcp://localhost:6040)
21:32:55.829 - [Server server1] Informações atualizadas para servidor: server2
21:33:00.840 - [Server server1] Mensagem recebida: {"syncAddress":"tcp://localhost:6042","logicalTime":47,"serverAddress":"localhost","action":"SERVER_ANNOUNCEMENT","serverPort":5557,"serverId":"server3"}
21:33:00.841 - [Server server1] Recebido anúncio do servidor server3 em localhost:5557 (sync: tcp://localhost:6042)
21:33:00.841 - [Server server1] Informações atualizadas para servidor: server3
21:33:02.814 - [Server server1] Verificando status dos servidores...
21:33:02.853 - [Server server1] Resposta recebida de balancer: {"success":true,"logicalTime":53,"isActive":true,"serverId":"balancer"}
21:33:02.880 - [Server server1] Resposta recebida de server3: {"success":true,"logicalTime":56,"isActive":true,"serverId":"server3"}
21:33:02.897 - [Server server1] Resposta recebida de server2: {"success":true,"logicalTime":59,"isActive":true,"serverId":"server2"}
21:33:06.192 - [Server server1] Mensagem recebida: {"fromServer":"balancer","logicalTime":62,"action":"IS_COORDINATOR_REQUEST"}
21:33:06.239 - [Server server1] Mensagem recebida: {"fromServer":"balancer","logicalTime":67,"action":"ELECTION"}
21:33:06.241 - [Server server1] Recebida mensagem de eleição de balancer
21:33:06.242 - [Server server1] Enviada resposta de eleição para balancer
21:33:06.243 - [Server server1] Iniciando eleição de coordenador
21:33:06.243 - [Server server1] Enviada mensagem de eleição para server3
21:33:06.244 - [Server server1] Enviada mensagem de eleição para server2
21:33:06.280 - [Server server1] Mensagem enviada para balancer: {"fromServer":"server1","logicalTime":69,"action":"ELECTION_RESPONSE"}
21:33:06.281 - [Server server1] Mensagem enviada para server2: {"fromServer":"server1","logicalTime":71,"action":"ELECTION"}
21:33:06.282 - [Server server1] Mensagem recebida: {"logicalTime":70,"action":"COORDINATOR","coordinatorId":"server3"}
21:33:06.282 - [Server server1] Mensagem enviada para server3: {"fromServer":"server1","logicalTime":70,"action":"ELECTION"}
21:33:06.282 - [Server server1] Recebida mensagem de coordenador de server3
21:33:06.283 - [Server server1] Este servidor agora reconhece server3 como coordenador
21:33:06.285 - [Server server1] Resposta recebida de balancer: {"success":true,"logicalTime":76}
21:33:06.285 - [Server server1] Resposta recebida de server2: {"success":true,"logicalTime":76}
21:33:06.289 - [Server server1] Resposta recebida de server3: {"success":true,"logicalTime":86}
21:33:06.317 - [Server server1] Mensagem recebida: {"fromServer":"server2","logicalTime":73,"action":"ELECTION_RESPONSE"}
21:33:06.318 - [Server server1] Recebida resposta de eleição de server2
21:33:06.319 - [Server server1] Mensagem recebida: {"logicalTime":82,"action":"COORDINATOR","coordinatorId":"server3"}
21:33:06.319 - [Server server1] Recebida mensagem de coordenador de server3
21:33:06.320 - [Server server1] Este servidor agora reconhece server3 como coordenador
21:33:06.321 - [Server server1] Mensagem recebida: {"fromServer":"server3","logicalTime":84,"action":"ELECTION_RESPONSE"}
21:33:06.321 - [Server server1] Recebida resposta de eleição de server3
21:33:06.323 - [Server server1] Mensagem recebida: {"logicalTime":87,"action":"COORDINATOR","coordinatorId":"server3"}
21:33:06.323 - [Server server1] Recebida mensagem de coordenador de server3
21:33:06.323 - [Server server1] Este servidor agora reconhece server3 como coordenador
21:33:06.344 - [Server server1] Mensagem recebida: {"logicalTime":98,"action":"COORDINATOR","coordinatorId":"server3"}
21:33:06.345 - [Server server1] Recebida mensagem de coordenador de server3
21:33:06.345 - [Server server1] Este servidor agora reconhece server3 como coordenador
21:33:10.817 - [Server server1] Mensagem enviada para balancer: {"fromServer":"server1","logicalTime":110,"action":"IS_COORDINATOR_REQUEST"}
21:33:10.819 - [Server server1] Resposta recebida de balancer: {"isCoordinator":false,"success":true,"logicalTime":111}
21:33:10.826 - [Server server1] Mensagem enviada para server3: {"fromServer":"server1","logicalTime":113,"action":"IS_COORDINATOR_REQUEST"}
21:33:10.828 - [Server server1] Resposta recebida de server3: {"isCoordinator":true,"success":true,"logicalTime":114}
21:33:10.828 - [Server server1] Verificando se o coordenador server3 está ativo
21:33:10.837 - [Server server1] Resposta recebida de server3: {"success":true,"logicalTime":117}
21:33:11.254 - [Server server1] Recebida resposta de servidor com ID maior. Aguardando nova eleição.
21:33:17.814 - [Server server1] Verificando status dos servidores...
21:33:17.849 - [Server server1] Resposta recebida de balancer: {"success":true,"logicalTime":136,"isActive":true,"serverId":"balancer"}
21:33:17.866 - [Server server1] Resposta recebida de server3: {"success":true,"logicalTime":142,"isActive":true,"serverId":"server3"}
21:33:17.881 - [Server server1] Resposta recebida de server2: {"success":true,"logicalTime":145,"isActive":true,"serverId":"server2"}
21:33:32.814 - [Server server1] Verificando status dos servidores...
21:33:32.852 - [Server server1] Resposta recebida de balancer: {"success":true,"logicalTime":169,"isActive":true,"serverId":"balancer"}
21:33:32.869 - [Server server1] Resposta recebida de server3: {"success":true,"logicalTime":172,"isActive":true,"serverId":"server3"}
21:33:32.890 - [Server server1] Resposta recebida de server2: {"success":true,"logicalTime":175,"isActive":true,"serverId":"server2"}
21:33:40.810 - [Server server1] Mensagem enviada para balancer: {"fromServer":"server1","logicalTime":185,"action":"IS_COORDINATOR_REQUEST"}
21:33:40.813 - [Server server1] Resposta recebida de balancer: {"isCoordinator":false,"success":true,"logicalTime":186}
21:33:40.830 - [Server server1] Mensagem enviada para server3: {"fromServer":"server1","logicalTime":188,"action":"IS_COORDINATOR_REQUEST"}
21:33:40.832 - [Server server1] Resposta recebida de server3: {"isCoordinator":true,"success":true,"logicalTime":189}
21:33:40.833 - [Server server1] Verificando se o coordenador server3 está ativo
21:33:40.844 - [Server server1] Resposta recebida de server3: {"success":true,"logicalTime":192}
21:33:47.821 - [Server server1] Verificando status dos servidores...
21:33:47.846 - [Server server1] Resposta recebida de balancer: {"success":true,"logicalTime":211,"isActive":true,"serverId":"balancer"}
21:33:47.867 - [Server server1] Resposta recebida de server3: {"success":true,"logicalTime":217,"isActive":true,"serverId":"server3"}
21:33:47.884 - [Server server1] Resposta recebida de server2: {"success":true,"logicalTime":220,"isActive":true,"serverId":"server2"}
21:34:16.574 - [Server server1] EventLogger initialized for server server1
21:34:16.626 - [Server server1] Inicializando comunicação no endereço: tcp://localhost:6038
21:34:16.629 - [Server server1] Inicializando comunicação no endereço: tcp://localhost:6038
21:34:16.634 - [Server server1] Servidor registrado: balancer em localhost:6030
21:34:16.634 - [Server server1] Servidor registrado: balancer em localhost:6030
21:34:16.634 - [Server server1] Servidor registrado: server2 em localhost:6040
21:34:16.635 - [Server server1] Servidor registrado: server2 em localhost:6040
21:34:16.635 - [Server server1] Servidor registrado: server3 em localhost:6042
21:34:16.635 - [Server server1] Servidor registrado: server3 em localhost:6042
21:34:16.635 - [Server server1] Inicializando como servidor de aplicação
21:34:16.636 - [Server server1] Arquivo de usuários não encontrado, iniciando com repositório vazio
21:34:16.637 - [Server server1] Arquivo de publicações não encontrado, iniciando com repositório vazio
21:34:16.638 - [Server server1] Arquivo de mensagens não encontrado, iniciando com repositório vazio
21:34:16.640 - [Server server1] ReplicationManager inicializado com todos os repositórios
21:34:16.641 - [Server server1] Iniciando serviços...
21:34:16.643 - [Server server1] TimeManager inicializado com offset: 0
21:34:16.666 - [Server server1] Tentando bind em tcp://localhost:6038 (tentativa 1 de 5)
21:34:16.671 - [Server server1] Bind bem-sucedido em tcp://localhost:6038
21:34:17.652 - [Server server1] Comunicação entre servidores iniciada em tcp://localhost:6038
21:34:17.652 - [Server server1] Iniciando serviço de replicação de dados
21:34:17.654 - [Server server1] Todos os serviços de aplicação iniciados
21:34:17.655 - [Server server1] Sistema iniciado com sucesso
21:34:17.670 - [Server server1] Serviço de posts iniciado em tcp://localhost:5555
21:34:17.671 - [Server server1] Serviço de mensagens iniciado em tcp://localhost:5655
21:34:17.672 - [Server server1] Serviço de usuários iniciado em tcp://localhost:5855
21:34:17.672 - [Server server1] Serviço de seguidores iniciado em tcp://localhost:5755
21:34:21.675 - [Server server1] Iniciando serviço de descoberta de servidores
21:34:25.671 - [Server server1] Mensagem recebida: {"syncAddress":"tcp://localhost:6030","logicalTime":9,"serverAddress":"localhost","action":"SERVER_ANNOUNCEMENT","serverPort":5000,"serverId":"balancer"}
21:34:25.678 - [Server server1] Recebido anúncio do servidor balancer em localhost:5000 (sync: tcp://localhost:6030)
21:34:25.678 - [Server server1] Informações atualizadas para servidor: balancer
21:34:26.686 - [Server server1] Verificando status dos servidores...
21:34:26.719 - [Server server1] Resposta recebida de balancer: {"success":true,"logicalTime":13,"isActive":true,"serverId":"balancer"}
21:34:26.763 - [Server server1] Resposta recebida de server3: {"success":true,"logicalTime":16,"isActive":true,"serverId":"server3"}
21:34:26.787 - [Server server1] Resposta recebida de server2: {"success":true,"logicalTime":19,"isActive":true,"serverId":"server2"}
21:34:29.689 - [Server server1] Anunciando presença do servidor server1 na rede
21:34:29.736 - [Server server1] Mensagem enviada para balancer: {"syncAddress":"tcp://localhost:6038","logicalTime":21,"serverAddress":"localhost","action":"SERVER_ANNOUNCEMENT","serverPort":5555,"serverId":"server1"}
21:34:29.736 - [Server server1] Mensagem enviada para server2: {"syncAddress":"tcp://localhost:6038","logicalTime":23,"serverAddress":"localhost","action":"SERVER_ANNOUNCEMENT","serverPort":5555,"serverId":"server1"}
21:34:29.737 - [Server server1] Mensagem enviada para server3: {"syncAddress":"tcp://localhost:6038","logicalTime":22,"serverAddress":"localhost","action":"SERVER_ANNOUNCEMENT","serverPort":5555,"serverId":"server1"}
21:34:29.740 - [Server server1] Resposta recebida de server2: {"success":true,"logicalTime":24}
21:34:29.744 - [Server server1] Resposta recebida de server3: {"success":true,"logicalTime":23}
21:34:29.746 - [Server server1] Resposta recebida de balancer: {"success":true,"logicalTime":22}
21:34:34.773 - [Server server1] Mensagem recebida: {"syncAddress":"tcp://localhost:6040","logicalTime":36,"serverAddress":"localhost","action":"SERVER_ANNOUNCEMENT","serverPort":5556,"serverId":"server2"}
21:34:34.774 - [Server server1] Recebido anúncio do servidor server2 em localhost:5556 (sync: tcp://localhost:6040)
21:34:34.774 - [Server server1] Informações atualizadas para servidor: server2
21:34:39.784 - [Server server1] Mensagem recebida: {"syncAddress":"tcp://localhost:6042","logicalTime":48,"serverAddress":"localhost","action":"SERVER_ANNOUNCEMENT","serverPort":5557,"serverId":"server3"}
21:34:39.785 - [Server server1] Recebido anúncio do servidor server3 em localhost:5557 (sync: tcp://localhost:6042)
21:34:39.786 - [Server server1] Informações atualizadas para servidor: server3
21:34:41.688 - [Server server1] Verificando status dos servidores...
21:34:41.726 - [Server server1] Resposta recebida de balancer: {"success":true,"logicalTime":55,"isActive":true,"serverId":"balancer"}
21:34:41.751 - [Server server1] Resposta recebida de server3: {"success":true,"logicalTime":58,"isActive":true,"serverId":"server3"}
21:34:41.773 - [Server server1] Resposta recebida de server2: {"success":true,"logicalTime":61,"isActive":true,"serverId":"server2"}
21:34:45.577 - [Server server1] Mensagem recebida: {"fromServer":"balancer","logicalTime":69,"action":"ELECTION"}
21:34:45.578 - [Server server1] Recebida mensagem de eleição de balancer
21:34:45.578 - [Server server1] Enviada resposta de eleição para balancer
21:34:45.580 - [Server server1] Iniciando eleição de coordenador
21:34:45.581 - [Server server1] Enviada mensagem de eleição para server3
21:34:45.582 - [Server server1] Enviada mensagem de eleição para server2
21:34:45.626 - [Server server1] Mensagem enviada para balancer: {"fromServer":"server1","logicalTime":71,"action":"ELECTION_RESPONSE"}
21:34:45.632 - [Server server1] Resposta recebida de balancer: {"success":true,"logicalTime":77}
21:34:45.632 - [Server server1] Mensagem enviada para server2: {"fromServer":"server1","logicalTime":73,"action":"ELECTION"}
21:34:45.633 - [Server server1] Mensagem enviada para server3: {"fromServer":"server1","logicalTime":72,"action":"ELECTION"}
21:34:45.636 - [Server server1] Mensagem recebida: {"logicalTime":72,"action":"COORDINATOR","coordinatorId":"server3"}
21:34:45.637 - [Server server1] Resposta recebida de server2: {"success":true,"logicalTime":79}
21:34:45.637 - [Server server1] Recebida mensagem de coordenador de server3
21:34:45.638 - [Server server1] Este servidor agora reconhece server3 como coordenador
21:34:45.642 - [Server server1] Resposta recebida de server3: {"success":true,"logicalTime":88}
21:34:45.663 - [Server server1] Mensagem recebida: {"fromServer":"server2","logicalTime":79,"action":"ELECTION_RESPONSE"}
21:34:45.663 - [Server server1] Recebida resposta de eleição de server2
21:34:45.668 - [Server server1] Mensagem recebida: {"logicalTime":81,"action":"COORDINATOR","coordinatorId":"server3"}
21:34:45.669 - [Server server1] Recebida mensagem de coordenador de server3
21:34:45.669 - [Server server1] Este servidor agora reconhece server3 como coordenador
21:34:45.670 - [Server server1] Mensagem recebida: {"fromServer":"server3","logicalTime":84,"action":"ELECTION_RESPONSE"}
21:34:45.670 - [Server server1] Recebida resposta de eleição de server3
21:34:45.672 - [Server server1] Mensagem recebida: {"logicalTime":89,"action":"COORDINATOR","coordinatorId":"server3"}
21:34:45.673 - [Server server1] Recebida mensagem de coordenador de server3
21:34:45.673 - [Server server1] Este servidor agora reconhece server3 como coordenador
21:34:49.697 - [Server server1] Resposta recebida de balancer: {"isCoordinator":false,"success":true,"logicalTime":105}
21:34:49.722 - [Server server1] Resposta recebida de server3: {"isCoordinator":true,"success":true,"logicalTime":108}
21:34:49.723 - [Server server1] Verificando se o coordenador server3 está ativo
21:34:49.736 - [Server server1] Resposta recebida de server3: {"success":true,"logicalTime":111}
21:34:50.596 - [Server server1] Recebida resposta de servidor com ID maior. Aguardando nova eleição.
21:34:56.676 - [Server server1] Verificando status dos servidores...
21:34:56.704 - [Server server1] Resposta recebida de balancer: {"success":true,"logicalTime":130,"isActive":true,"serverId":"balancer"}
21:34:56.728 - [Server server1] Resposta recebida de server3: {"success":true,"logicalTime":136,"isActive":true,"serverId":"server3"}
21:34:56.745 - [Server server1] Resposta recebida de server2: {"success":true,"logicalTime":139,"isActive":true,"serverId":"server2"}
21:35:11.684 - [Server server1] Verificando status dos servidores...
21:35:11.704 - [Server server1] Resposta recebida de balancer: {"success":true,"logicalTime":163,"isActive":true,"serverId":"balancer"}
21:35:11.723 - [Server server1] Resposta recebida de server3: {"success":true,"logicalTime":166,"isActive":true,"serverId":"server3"}
21:35:11.748 - [Server server1] Resposta recebida de server2: {"success":true,"logicalTime":169,"isActive":true,"serverId":"server2"}
21:35:40.608 - [Server server1] EventLogger initialized for server server1
21:35:40.655 - [Server server1] Inicializando comunicação no endereço: tcp://localhost:6038
21:35:40.658 - [Server server1] Inicializando comunicação no endereço: tcp://localhost:6038
21:35:40.662 - [Server server1] Servidor registrado: balancer em localhost:6030
21:35:40.663 - [Server server1] Servidor registrado: balancer em localhost:6030
21:35:40.663 - [Server server1] Servidor registrado: server2 em localhost:6040
21:35:40.663 - [Server server1] Servidor registrado: server2 em localhost:6040
21:35:40.663 - [Server server1] Servidor registrado: server3 em localhost:6042
21:35:40.664 - [Server server1] Servidor registrado: server3 em localhost:6042
21:35:40.664 - [Server server1] Inicializando como servidor de aplicação
21:35:40.665 - [Server server1] Arquivo de usuários não encontrado, iniciando com repositório vazio
21:35:40.666 - [Server server1] Arquivo de publicações não encontrado, iniciando com repositório vazio
21:35:40.667 - [Server server1] Arquivo de mensagens não encontrado, iniciando com repositório vazio
21:35:40.670 - [Server server1] ReplicationManager inicializado com todos os repositórios
21:35:40.670 - [Server server1] Iniciando serviços...
21:35:40.672 - [Server server1] TimeManager inicializado com offset: 0
21:35:40.696 - [Server server1] Tentando bind em tcp://localhost:6038 (tentativa 1 de 5)
21:35:40.701 - [Server server1] Bind bem-sucedido em tcp://localhost:6038
21:35:41.689 - [Server server1] Comunicação entre servidores iniciada em tcp://localhost:6038
21:35:41.691 - [Server server1] Iniciando serviço de replicação de dados
21:35:41.697 - [Server server1] Todos os serviços de aplicação iniciados
21:35:41.700 - [Server server1] Sistema iniciado com sucesso
21:35:41.719 - [Server server1] Serviço de mensagens iniciado em tcp://localhost:5655
21:35:41.720 - [Server server1] Serviço de usuários iniciado em tcp://localhost:5855
21:35:41.720 - [Server server1] Serviço de posts iniciado em tcp://localhost:5555
21:35:41.721 - [Server server1] Serviço de seguidores iniciado em tcp://localhost:5755
21:35:45.734 - [Server server1] Iniciando serviço de descoberta de servidores
21:35:49.078 - [Server server1] Mensagem recebida: {"syncAddress":"tcp://localhost:6030","logicalTime":9,"serverAddress":"localhost","action":"SERVER_ANNOUNCEMENT","serverPort":5000,"serverId":"balancer"}
21:35:49.081 - [Server server1] Recebido anúncio do servidor balancer em localhost:5000 (sync: tcp://localhost:6030)
21:35:49.082 - [Server server1] Informações atualizadas para servidor: balancer
21:35:50.745 - [Server server1] Verificando status dos servidores...
21:35:53.743 - [Server server1] Anunciando presença do servidor server1 na rede
21:35:53.795 - [Server server1] Mensagem enviada para balancer: {"syncAddress":"tcp://localhost:6038","logicalTime":20,"serverAddress":"localhost","action":"SERVER_ANNOUNCEMENT","serverPort":5555,"serverId":"server1"}
21:35:53.799 - [Server server1] Mensagem enviada para server2: {"syncAddress":"tcp://localhost:6038","logicalTime":22,"serverAddress":"localhost","action":"SERVER_ANNOUNCEMENT","serverPort":5555,"serverId":"server1"}
21:35:53.799 - [Server server1] Mensagem enviada para server3: {"syncAddress":"tcp://localhost:6038","logicalTime":21,"serverAddress":"localhost","action":"SERVER_ANNOUNCEMENT","serverPort":5555,"serverId":"server1"}
21:35:58.758 - [Server server1] Mensagem recebida: {"syncAddress":"tcp://localhost:6040","logicalTime":33,"serverAddress":"localhost","action":"SERVER_ANNOUNCEMENT","serverPort":5556,"serverId":"server2"}
21:35:58.759 - [Server server1] Recebido anúncio do servidor server2 em localhost:5556 (sync: tcp://localhost:6040)
21:35:58.759 - [Server server1] Informações atualizadas para servidor: server2
21:36:03.844 - [Server server1] Mensagem recebida: {"syncAddress":"tcp://localhost:6042","logicalTime":47,"serverAddress":"localhost","action":"SERVER_ANNOUNCEMENT","serverPort":5557,"serverId":"server3"}
21:36:03.845 - [Server server1] Recebido anúncio do servidor server3 em localhost:5557 (sync: tcp://localhost:6042)
21:36:03.845 - [Server server1] Informações atualizadas para servidor: server3
21:36:05.742 - [Server server1] Verificando status dos servidores...
21:36:08.992 - [Server server1] Mensagem recebida: {"fromServer":"balancer","logicalTime":68,"action":"ELECTION"}
21:36:08.993 - [Server server1] Recebida mensagem de eleição de balancer
21:36:08.996 - [Server server1] Enviada resposta de eleição para balancer
21:36:08.998 - [Server server1] Iniciando eleição de coordenador
21:36:08.999 - [Server server1] Enviada mensagem de eleição para server3
21:36:08.999 - [Server server1] Enviada mensagem de eleição para server2
21:36:09.037 - [Server server1] Mensagem enviada para balancer: {"fromServer":"server1","logicalTime":70,"action":"ELECTION_RESPONSE"}
21:36:09.042 - [Server server1] Mensagem enviada para server2: {"fromServer":"server1","logicalTime":72,"action":"ELECTION"}
21:36:09.043 - [Server server1] Mensagem enviada para server3: {"fromServer":"server1","logicalTime":71,"action":"ELECTION"}
21:36:09.047 - [Server server1] Mensagem recebida: {"logicalTime":71,"action":"COORDINATOR","coordinatorId":"server3"}
21:36:09.048 - [Server server1] Recebida mensagem de coordenador de server3
21:36:09.049 - [Server server1] Este servidor agora reconhece server3 como coordenador
21:36:09.072 - [Server server1] Mensagem recebida: {"logicalTime":76,"action":"COORDINATOR","coordinatorId":"server3"}
21:36:09.073 - [Server server1] Recebida mensagem de coordenador de server3
21:36:09.074 - [Server server1] Este servidor agora reconhece server3 como coordenador
21:36:09.074 - [Server server1] Mensagem recebida: {"fromServer":"server2","logicalTime":79,"action":"ELECTION_RESPONSE"}
21:36:09.075 - [Server server1] Recebida resposta de eleição de server2
21:36:09.078 - [Server server1] Mensagem recebida: {"fromServer":"server3","logicalTime":79,"action":"ELECTION_RESPONSE"}
21:36:09.078 - [Server server1] Recebida resposta de eleição de server3
21:36:09.078 - [Server server1] Mensagem recebida: {"logicalTime":83,"action":"COORDINATOR","coordinatorId":"server3"}
21:36:09.079 - [Server server1] Recebida mensagem de coordenador de server3
21:36:09.079 - [Server server1] Este servidor agora reconhece server3 como coordenador
21:36:13.765 - [Server server1] Verificando se o coordenador server3 está ativo
21:36:14.009 - [Server server1] Recebida resposta de servidor com ID maior. Aguardando nova eleição.
21:36:20.743 - [Server server1] Verificando status dos servidores...
21:36:35.750 - [Server server1] Verificando status dos servidores...
21:36:43.755 - [Server server1] Verificando se o coordenador server3 está ativo
21:36:50.750 - [Server server1] Verificando status dos servidores...
21:36:54.814 - [Server server1] Mensagem recebida: {"coordinator":"server3","logicalTime":215,"action":"TIME_REQUEST","timestamp":1746923814777}
21:36:54.817 - [Server server1] Recebida solicitação de tempo do coordenador server3. Diferença: 37ms
21:36:54.854 - [Server server1] Mensagem enviada para server3: {"requestTimestamp":1746923814777,"responseTimestamp":1746923814814,"logicalTime":217,"action":"TIME_RESPONSE","timeDifference":37,"serverId":"server1"}
21:36:57.825 - [Server server1] Mensagem recebida: {"coordinator":"server3","logicalTime":230,"action":"CLOCK_ADJUSTMENT","adjustment":-10}
21:36:57.826 - [Server server1] Recebido ajuste de relógio do coordenador server3: -10ms
21:36:57.828 - [Server server1] Relógio atualizado: offset anterior=0, novo offset=-10, ajuste=-10ms
21:36:57.830 - [Server server1] Relógio ajustado: novo offset = -10ms
21:37:05.746 - [Server server1] Verificando status dos servidores...
21:37:13.755 - [Server server1] Verificando se o coordenador server3 está ativo
21:37:20.738 - [Server server1] Verificando status dos servidores...
21:37:35.750 - [Server server1] Verificando status dos servidores...
21:37:43.739 - [Server server1] Verificando se o coordenador server3 está ativo
21:37:50.740 - [Server server1] Verificando status dos servidores...
21:37:54.811 - [Server server1] Mensagem recebida: {"coordinator":"server3","logicalTime":385,"action":"TIME_REQUEST","timestamp":1746923874776}
21:37:54.812 - [Server server1] Recebida solicitação de tempo do coordenador server3. Diferença: 36ms
21:37:54.847 - [Server server1] Mensagem enviada para server3: {"requestTimestamp":1746923874776,"responseTimestamp":1746923874812,"logicalTime":387,"action":"TIME_RESPONSE","timeDifference":36,"serverId":"server1"}
21:37:57.849 - [Server server1] Mensagem recebida: {"coordinator":"server3","logicalTime":399,"action":"CLOCK_ADJUSTMENT","adjustment":-11}
21:37:57.850 - [Server server1] Recebido ajuste de relógio do coordenador server3: -11ms
21:37:57.850 - [Server server1] Relógio atualizado: offset anterior=-10, novo offset=-21, ajuste=-11ms
21:37:57.851 - [Server server1] Relógio ajustado: novo offset = -21ms
21:38:05.743 - [Server server1] Verificando status dos servidores...
21:38:13.743 - [Server server1] Verificando se o coordenador server3 está ativo
21:38:20.741 - [Server server1] Verificando status dos servidores...
21:38:35.739 - [Server server1] Verificando status dos servidores...
21:38:43.767 - [Server server1] Verificando se o coordenador server3 está ativo
21:38:57.645 - [Server server1] EventLogger initialized for server server1
21:38:57.689 - [Server server1] Inicializando comunicação no endereço: tcp://localhost:6038
21:38:57.692 - [Server server1] Inicializando comunicação no endereço: tcp://localhost:6038
21:38:57.696 - [Server server1] Servidor registrado: balancer em localhost:6030
21:38:57.696 - [Server server1] Servidor registrado: balancer em localhost:6030
21:38:57.696 - [Server server1] Servidor registrado: server2 em localhost:6040
21:38:57.697 - [Server server1] Servidor registrado: server2 em localhost:6040
21:38:57.697 - [Server server1] Servidor registrado: server3 em localhost:6042
21:38:57.697 - [Server server1] Servidor registrado: server3 em localhost:6042
21:38:57.697 - [Server server1] Inicializando como servidor de aplicação
21:38:57.698 - [Server server1] Arquivo de usuários não encontrado, iniciando com repositório vazio
21:38:57.699 - [Server server1] Arquivo de publicações não encontrado, iniciando com repositório vazio
21:38:57.700 - [Server server1] Arquivo de mensagens não encontrado, iniciando com repositório vazio
21:38:57.702 - [Server server1] ReplicationManager inicializado com todos os repositórios
21:38:57.703 - [Server server1] Iniciando serviços...
21:38:57.705 - [Server server1] TimeManager inicializado com offset: 0
21:38:57.727 - [Server server1] Tentando bind em tcp://localhost:6038 (tentativa 1 de 5)
21:38:57.732 - [Server server1] Bind bem-sucedido em tcp://localhost:6038
21:38:58.719 - [Server server1] Comunicação entre servidores iniciada em tcp://localhost:6038
21:38:58.720 - [Server server1] Iniciando serviço de replicação de dados
21:38:58.722 - [Server server1] Todos os serviços de aplicação iniciados
21:38:58.723 - [Server server1] Sistema iniciado com sucesso
21:38:58.738 - [Server server1] Serviço de usuários iniciado em tcp://localhost:5855
21:38:58.740 - [Server server1] Serviço de posts iniciado em tcp://localhost:5555
21:38:58.740 - [Server server1] Serviço de seguidores iniciado em tcp://localhost:5755
21:38:58.740 - [Server server1] Serviço de mensagens iniciado em tcp://localhost:5655
21:39:02.738 - [Server server1] Iniciando serviço de descoberta de servidores
21:39:06.404 - [Server server1] Mensagem recebida: {"syncAddress":"tcp://localhost:6030","logicalTime":9,"serverAddress":"localhost","action":"SERVER_ANNOUNCEMENT","serverPort":5000,"serverId":"balancer"}
21:39:06.407 - [Server server1] Recebido anúncio do servidor balancer em localhost:5000 (sync: tcp://localhost:6030)
21:39:06.409 - [Server server1] Informações atualizadas para servidor: balancer
21:39:07.753 - [Server server1] Verificando status dos servidores...
21:39:10.752 - [Server server1] Anunciando presença do servidor server1 na rede
21:39:10.807 - [Server server1] Mensagem enviada para balancer: {"syncAddress":"tcp://localhost:6038","logicalTime":20,"serverAddress":"localhost","action":"SERVER_ANNOUNCEMENT","serverPort":5555,"serverId":"server1"}
21:39:10.808 - [Server server1] Mensagem enviada para server3: {"syncAddress":"tcp://localhost:6038","logicalTime":21,"serverAddress":"localhost","action":"SERVER_ANNOUNCEMENT","serverPort":5555,"serverId":"server1"}
21:39:10.815 - [Server server1] Mensagem enviada para server2: {"syncAddress":"tcp://localhost:6038","logicalTime":22,"serverAddress":"localhost","action":"SERVER_ANNOUNCEMENT","serverPort":5555,"serverId":"server1"}
21:39:15.777 - [Server server1] Mensagem recebida: {"syncAddress":"tcp://localhost:6040","logicalTime":35,"serverAddress":"localhost","action":"SERVER_ANNOUNCEMENT","serverPort":5556,"serverId":"server2"}
21:39:15.778 - [Server server1] Recebido anúncio do servidor server2 em localhost:5556 (sync: tcp://localhost:6040)
21:39:15.778 - [Server server1] Informações atualizadas para servidor: server2
21:39:20.893 - [Server server1] Mensagem recebida: {"syncAddress":"tcp://localhost:6042","logicalTime":47,"serverAddress":"localhost","action":"SERVER_ANNOUNCEMENT","serverPort":5557,"serverId":"server3"}
21:39:20.893 - [Server server1] Recebido anúncio do servidor server3 em localhost:5557 (sync: tcp://localhost:6042)
21:39:20.893 - [Server server1] Informações atualizadas para servidor: server3
21:39:22.748 - [Server server1] Verificando status dos servidores...
21:39:26.265 - [Server server1] Mensagem recebida: {"fromServer":"balancer","logicalTime":68,"action":"ELECTION"}
21:39:26.267 - [Server server1] Recebida mensagem de eleição de balancer
21:39:26.269 - [Server server1] Enviada resposta de eleição para balancer
21:39:26.269 - [Server server1] Iniciando eleição de coordenador
21:39:26.270 - [Server server1] Enviada mensagem de eleição para server3
21:39:26.270 - [Server server1] Enviada mensagem de eleição para server2
21:39:26.305 - [Server server1] Mensagem enviada para balancer: {"fromServer":"server1","logicalTime":70,"action":"ELECTION_RESPONSE"}
21:39:26.305 - [Server server1] Mensagem enviada para server2: {"fromServer":"server1","logicalTime":72,"action":"ELECTION"}
21:39:26.306 - [Server server1] Mensagem enviada para server3: {"fromServer":"server1","logicalTime":71,"action":"ELECTION"}
21:39:26.308 - [Server server1] Mensagem recebida: {"logicalTime":71,"action":"COORDINATOR","coordinatorId":"server3"}
21:39:26.308 - [Server server1] Recebida mensagem de coordenador de server3
21:39:26.310 - [Server server1] Este servidor agora reconhece server3 como coordenador
21:39:26.341 - [Server server1] Mensagem recebida: {"logicalTime":81,"action":"COORDINATOR","coordinatorId":"server3"}
21:39:26.343 - [Server server1] Recebida mensagem de coordenador de server3
21:39:26.343 - [Server server1] Este servidor agora reconhece server3 como coordenador
21:39:26.344 - [Server server1] Mensagem recebida: {"fromServer":"server2","logicalTime":79,"action":"ELECTION_RESPONSE"}
21:39:26.344 - [Server server1] Recebida resposta de eleição de server2
21:39:26.345 - [Server server1] Mensagem recebida: {"fromServer":"server3","logicalTime":84,"action":"ELECTION_RESPONSE"}
21:39:26.346 - [Server server1] Recebida resposta de eleição de server3
21:39:26.348 - [Server server1] Mensagem recebida: {"logicalTime":87,"action":"COORDINATOR","coordinatorId":"server3"}
21:39:26.348 - [Server server1] Recebida mensagem de coordenador de server3
21:39:26.349 - [Server server1] Este servidor agora reconhece server3 como coordenador
21:39:26.368 - [Server server1] Mensagem recebida: {"logicalTime":94,"action":"COORDINATOR","coordinatorId":"server3"}
21:39:26.369 - [Server server1] Recebida mensagem de coordenador de server3
21:39:26.369 - [Server server1] Este servidor agora reconhece server3 como coordenador
21:39:30.785 - [Server server1] Verificando se o coordenador server3 está ativo
21:39:31.283 - [Server server1] Recebida resposta de servidor com ID maior. Aguardando nova eleição.
21:39:37.742 - [Server server1] Verificando status dos servidores...
21:39:52.745 - [Server server1] Verificando status dos servidores...
21:40:00.768 - [Server server1] Verificando se o coordenador server3 está ativo
21:40:07.742 - [Server server1] Verificando status dos servidores...
21:40:11.895 - [Server server1] Recebida solicitação de tempo do coordenador server3. Diferença: 56ms
21:40:14.880 - [Server server1] Relógio atualizado: offset anterior=0, novo offset=-17, ajuste=-17ms
21:40:14.881 - [Server server1] Relógio ajustado: novo offset = -17ms
21:40:22.751 - [Server server1] Verificando status dos servidores...
21:40:30.765 - [Server server1] Verificando se o coordenador server3 está ativo
21:40:37.752 - [Server server1] Verificando status dos servidores...
21:40:52.749 - [Server server1] Verificando status dos servidores...
21:41:00.767 - [Server server1] Verificando se o coordenador server3 está ativo
21:41:07.747 - [Server server1] Verificando status dos servidores...
21:41:11.855 - [Server server1] Recebida solicitação de tempo do coordenador server3. Diferença: 27ms
21:41:14.874 - [Server server1] Relógio atualizado: offset anterior=-17, novo offset=-26, ajuste=-9ms
21:41:14.875 - [Server server1] Relógio ajustado: novo offset = -26ms
21:41:22.752 - [Server server1] Verificando status dos servidores...
21:41:30.767 - [Server server1] Verificando se o coordenador server3 está ativo
21:41:37.751 - [Server server1] Verificando status dos servidores...
21:41:52.743 - [Server server1] Verificando status dos servidores...
21:42:00.754 - [Server server1] Verificando se o coordenador server3 está ativo
21:42:07.745 - [Server server1] Verificando status dos servidores...
21:42:11.886 - [Server server1] Recebida solicitação de tempo do coordenador server3. Diferença: 53ms
21:42:14.888 - [Server server1] Relógio atualizado: offset anterior=-26, novo offset=-37, ajuste=-11ms
21:42:14.889 - [Server server1] Relógio ajustado: novo offset = -37ms
21:42:22.754 - [Server server1] Verificando status dos servidores...
21:42:30.791 - [Server server1] Verificando se o coordenador server3 está ativo
21:42:37.751 - [Server server1] Verificando status dos servidores...
21:42:52.747 - [Server server1] Verificando status dos servidores...
21:43:00.771 - [Server server1] Verificando se o coordenador server3 está ativo
21:43:07.750 - [Server server1] Verificando status dos servidores...
21:43:11.874 - [Server server1] Recebida solicitação de tempo do coordenador server3. Diferença: 46ms
21:43:14.893 - [Server server1] Relógio atualizado: offset anterior=-37, novo offset=-49, ajuste=-12ms
21:43:14.893 - [Server server1] Relógio ajustado: novo offset = -49ms
21:43:22.742 - [Server server1] Verificando status dos servidores...
21:43:30.770 - [Server server1] Verificando se o coordenador server3 está ativo
21:43:47.669 - [Server server1] EventLogger initialized for server server1
21:43:47.716 - [Server server1] Inicializando comunicação no endereço: tcp://localhost:6038
21:43:47.718 - [Server server1] Inicializando comunicação no endereço: tcp://localhost:6038
21:43:47.721 - [Server server1] Servidor registrado: balancer em localhost:6030
21:43:47.722 - [Server server1] Servidor registrado: balancer em localhost:6030
21:43:47.722 - [Server server1] Servidor registrado: server2 em localhost:6040
21:43:47.722 - [Server server1] Servidor registrado: server2 em localhost:6040
21:43:47.722 - [Server server1] Servidor registrado: server3 em localhost:6042
21:43:47.723 - [Server server1] Servidor registrado: server3 em localhost:6042
21:43:47.723 - [Server server1] Inicializando como servidor de aplicação
21:43:47.724 - [Server server1] Arquivo de usuários não encontrado, iniciando com repositório vazio
21:43:47.724 - [Server server1] Arquivo de publicações não encontrado, iniciando com repositório vazio
21:43:47.725 - [Server server1] Arquivo de mensagens não encontrado, iniciando com repositório vazio
21:43:47.728 - [Server server1] ReplicationManager inicializado com todos os repositórios
21:43:47.728 - [Server server1] Iniciando serviços...
21:43:47.730 - [Server server1] TimeManager inicializado com offset: 0
21:43:47.752 - [Server server1] Tentando bind em tcp://localhost:6038 (tentativa 1 de 5)
21:43:47.757 - [Server server1] Bind bem-sucedido em tcp://localhost:6038
21:43:48.735 - [Server server1] Comunicação entre servidores iniciada em tcp://localhost:6038
21:43:48.735 - [Server server1] Iniciando serviço de replicação de dados
21:43:48.736 - [Server server1] Todos os serviços de aplicação iniciados
21:43:48.737 - [Server server1] Sistema iniciado com sucesso
21:43:48.754 - [Server server1] Serviço de mensagens iniciado em tcp://localhost:5655
21:43:48.754 - [Server server1] Serviço de seguidores iniciado em tcp://localhost:5755
21:43:48.755 - [Server server1] Serviço de posts iniciado em tcp://localhost:5555
21:43:48.756 - [Server server1] Serviço de usuários iniciado em tcp://localhost:5855
21:43:52.773 - [Server server1] Iniciando serviço de descoberta de servidores
21:43:56.141 - [Server server1] Recebido anúncio do servidor balancer em localhost:5000 (sync: tcp://localhost:6030)
21:43:56.142 - [Server server1] Informações atualizadas para servidor: balancer
21:43:57.786 - [Server server1] Verificando status dos servidores...
21:44:00.793 - [Server server1] Anunciando presença do servidor server1 na rede
21:44:05.815 - [Server server1] Recebido anúncio do servidor server2 em localhost:5556 (sync: tcp://localhost:6040)
21:44:05.815 - [Server server1] Informações atualizadas para servidor: server2
21:44:10.771 - [Server server1] Recebido anúncio do servidor server3 em localhost:5557 (sync: tcp://localhost:6042)
21:44:10.772 - [Server server1] Informações atualizadas para servidor: server3
21:44:12.781 - [Server server1] Verificando status dos servidores...
21:44:16.038 - [Server server1] Recebida mensagem de eleição de balancer
21:44:16.038 - [Server server1] Enviada resposta de eleição para balancer
21:44:16.039 - [Server server1] Enviada mensagem de eleição para server3
21:44:16.040 - [Server server1] Enviada mensagem de eleição para server2
21:44:16.077 - [Server server1] Mensagem recebida: {"logicalTime":70,"action":"COORDINATOR","coordinatorId":"server3"}
21:44:16.109 - [Server server1] Mensagem recebida: {"logicalTime":82,"action":"COORDINATOR","coordinatorId":"server3"}
21:44:16.112 - [Server server1] Recebida resposta de eleição de server3
21:44:16.115 - [Server server1] Recebida resposta de eleição de server2
21:44:16.116 - [Server server1] Mensagem recebida: {"logicalTime":87,"action":"COORDINATOR","coordinatorId":"server3"}
21:44:16.131 - [Server server1] Mensagem recebida: {"logicalTime":99,"action":"COORDINATOR","coordinatorId":"server3"}
21:44:21.047 - [Server server1] Recebida resposta de servidor com ID maior. Aguardando nova eleição.
21:44:27.781 - [Server server1] Verificando status dos servidores...
21:44:42.784 - [Server server1] Verificando status dos servidores...
21:44:57.789 - [Server server1] Verificando status dos servidores...
21:45:12.789 - [Server server1] Verificando status dos servidores...
21:45:27.776 - [Server server1] Verificando status dos servidores...
21:45:42.789 - [Server server1] Verificando status dos servidores...
21:45:57.780 - [Server server1] Verificando status dos servidores...
21:46:12.780 - [Server server1] Verificando status dos servidores...
21:46:27.790 - [Server server1] Verificando status dos servidores...
21:46:42.776 - [Server server1] Verificando status dos servidores...
21:46:57.783 - [Server server1] Verificando status dos servidores...
21:47:12.781 - [Server server1] Verificando status dos servidores...
21:47:27.791 - [Server server1] Verificando status dos servidores...
00:29:40.671 - [Server server1] EventLogger initialized for server server1
00:29:40.719 - [Server server1] Inicializando comunicação no endereço: tcp://localhost:6038
00:29:40.724 - [Server server1] Inicializando comunicação no endereço: tcp://localhost:6038
00:29:40.727 - [Server server1] Servidor registrado: balancer em localhost:6030
00:29:40.728 - [Server server1] Servidor registrado: balancer em localhost:6030
00:29:40.728 - [Server server1] Servidor registrado: server2 em localhost:6040
00:29:40.728 - [Server server1] Servidor registrado: server2 em localhost:6040
00:29:40.728 - [Server server1] Servidor registrado: server3 em localhost:6042
00:29:40.729 - [Server server1] Servidor registrado: server3 em localhost:6042
00:29:40.729 - [Server server1] Inicializando como servidor de aplicação
00:29:40.730 - [Server server1] Arquivo de usuários não encontrado, iniciando com repositório vazio
00:29:40.730 - [Server server1] Arquivo de publicações não encontrado, iniciando com repositório vazio
00:29:40.732 - [Server server1] Arquivo de mensagens não encontrado, iniciando com repositório vazio
00:29:40.735 - [Server server1] ReplicationManager inicializado com todos os repositórios
00:29:40.735 - [Server server1] Iniciando serviços...
00:29:40.766 - [Server server1] Tentando bind em tcp://localhost:6038 (tentativa 1 de 5)
00:29:40.772 - [Server server1] Bind bem-sucedido em tcp://localhost:6038
00:29:41.750 - [Server server1] Comunicação entre servidores iniciada em tcp://localhost:6038
00:29:41.751 - [Server server1] Iniciando serviço de replicação de dados
00:29:41.754 - [Server server1] Todos os serviços de aplicação iniciados
00:29:41.756 - [Server server1] Sistema iniciado com sucesso
00:29:41.792 - [Server server1] Serviço de usuários iniciado em tcp://localhost:5855
00:29:41.792 - [Server server1] Serviço de seguidores iniciado em tcp://localhost:5755
00:29:41.793 - [Server server1] Serviço de posts iniciado em tcp://localhost:5555
00:29:41.794 - [Server server1] Serviço de mensagens iniciado em tcp://localhost:5655
00:29:45.781 - [Server server1] Iniciando serviço de descoberta de servidores
00:29:49.367 - [Server server1] Recebido anúncio do servidor balancer em localhost:5000 (sync: tcp://localhost:6030)
00:29:49.368 - [Server server1] Informações atualizadas para servidor: balancer
00:29:50.797 - [Server server1] Verificando status dos servidores...
00:29:53.793 - [Server server1] Anunciando presença do servidor server1 na rede
00:29:58.874 - [Server server1] Recebido anúncio do servidor server2 em localhost:5556 (sync: tcp://localhost:6040)
00:29:58.876 - [Server server1] Informações atualizadas para servidor: server2
00:30:03.854 - [Server server1] Recebido anúncio do servidor server3 em localhost:5557 (sync: tcp://localhost:6042)
00:30:03.854 - [Server server1] Informações atualizadas para servidor: server3
00:30:05.787 - [Server server1] Verificando status dos servidores...
00:30:09.249 - [Server server1] Recebida mensagem de eleição de balancer
00:30:09.251 - [Server server1] Enviada resposta de eleição para balancer
00:30:09.253 - [Server server1] Enviada mensagem de eleição para server3
00:30:09.253 - [Server server1] Enviada mensagem de eleição para server2
00:30:09.335 - [Server server1] Recebida resposta de eleição de server3
00:30:09.337 - [Server server1] Recebida resposta de eleição de server2
00:30:14.267 - [Server server1] Recebida resposta de servidor com ID maior. Aguardando nova eleição.
00:30:20.796 - [Server server1] Verificando status dos servidores...
00:30:35.788 - [Server server1] Verificando status dos servidores...
00:30:50.788 - [Server server1] Verificando status dos servidores...
00:30:53.808 - [Server server1] Requisição recebida: {"action": "USER_REGISTER", "username": "miro", "password": "sav"}
00:30:53.826 - [Server server1] Salvos 1 usuários no arquivo
00:30:53.826 - [Server server1] Usuário adicionado: miro
00:30:53.826 - [Server server1] Usuário registrado com sucesso: miro
00:30:53.826 - [Server server1] Evento de replicação adicionado à fila: USER_CREATED
00:30:53.877 - [Server server1] Replicando evento USER_CREATED para outros servidores
00:30:53.922 - [Server server1] Mensagem enviada para server3: {"sourceServerId":"server1","data":{"createdAt":"2025-05-12T00:30:53.809803400","password":"sav","username":"miro"},"logicalTime":225,"action":"DATA_REPLICATION","entityId":"miro","eventType":"USER_CREATED","timestamp":1747020653826}
00:30:53.922 - [Server server1] Mensagem enviada para balancer: {"sourceServerId":"server1","data":{"createdAt":"2025-05-12T00:30:53.809803400","password":"sav","username":"miro"},"logicalTime":224,"action":"DATA_REPLICATION","entityId":"miro","eventType":"USER_CREATED","timestamp":1747020653826}
00:30:53.925 - [Server server1] Mensagem enviada para server2: {"sourceServerId":"server1","data":{"createdAt":"2025-05-12T00:30:53.809803400","password":"sav","username":"miro"},"logicalTime":226,"action":"DATA_REPLICATION","entityId":"miro","eventType":"USER_CREATED","timestamp":1747020653826}
00:30:53.925 - [Server server1] Resposta recebida de server3: {"success":false,"logicalTime":226,"error":"Serviço de replicação não disponível"}
00:30:53.926 - [Server server1] Resposta recebida de balancer: {"success":false,"logicalTime":225,"error":"Serviço de replicação não disponível"}
00:30:53.928 - [Server server1] Resposta recebida de server2: {"success":false,"logicalTime":227,"error":"Serviço de replicação não disponível"}
00:31:05.797 - [Server server1] Verificando status dos servidores...
00:31:20.790 - [Server server1] Verificando status dos servidores...
00:31:35.793 - [Server server1] Verificando status dos servidores...
00:31:50.783 - [Server server1] Verificando status dos servidores...
00:32:05.792 - [Server server1] Verificando status dos servidores...
00:32:20.789 - [Server server1] Verificando status dos servidores...
00:32:35.789 - [Server server1] Verificando status dos servidores...
00:32:50.795 - [Server server1] Verificando status dos servidores...
00:33:05.783 - [Server server1] Verificando status dos servidores...
00:33:20.791 - [Server server1] Verificando status dos servidores...
00:33:35.782 - [Server server1] Verificando status dos servidores...
00:33:50.789 - [Server server1] Verificando status dos servidores...
