21:23:00.653 - [Server server3] EventLogger initialized for server server3
21:23:00.698 - [Server server3] Inicializando comunicação no endereço: tcp://localhost:6042
21:23:00.702 - [Server server3] Inicializando comunicação no endereço: tcp://localhost:6042
21:23:00.706 - [Server server3] Servidor registrado: balancer em localhost:6030
21:23:00.706 - [Server server3] Servidor registrado: balancer em localhost:6030
21:23:00.707 - [Server server3] Servidor registrado: server1 em localhost:6038
21:23:00.707 - [Server server3] Servidor registrado: server1 em localhost:6038
21:23:00.707 - [Server server3] Servidor registrado: server2 em localhost:6040
21:23:00.707 - [Server server3] Servidor registrado: server2 em localhost:6040
21:23:00.708 - [Server server3] Serviços de sincronização inicializados
21:23:00.709 - [Server server3] Inicializando como servidor de aplicação
21:23:00.710 - [Server server3] Arquivo de usuários não encontrado, iniciando com repositório vazio
21:23:00.711 - [Server server3] Arquivo de publicações não encontrado, iniciando com repositório vazio
21:23:00.711 - [Server server3] Arquivo de mensagens não encontrado, iniciando com repositório vazio
21:23:00.715 - [Server server3] ReplicationManager inicializado com todos os repositórios
21:23:00.715 - [Server server3] Iniciando serviços...
21:23:00.717 - [Server server3] TimeManager inicializado com offset: 0
21:23:00.742 - [Server server3] Tentando bind em tcp://localhost:6042 (tentativa 1 de 5)
21:23:00.747 - [Server server3] Bind bem-sucedido em tcp://localhost:6042
21:23:00.747 - [Server server3] Receptor de mensagens de sincronização iniciado com sucesso
21:23:00.809 - [Server server3] Mensagem recebida: {"fromServer":"server1","logicalTime":14,"action":"SERVER_PING"}
21:23:01.722 - [Server server3] Comunicação entre servidores iniciada em tcp://localhost:6042
21:23:01.723 - [Server server3] Serviço de sincronização de relógios iniciado
21:23:01.723 - [Server server3] Iniciando serviço de replicação de dados
21:23:01.724 - [Server server3] Serviços de sincronização iniciados
21:23:01.726 - [Server server3] Todos os serviços de aplicação iniciados
21:23:01.727 - [Server server3] Sistema iniciado com sucesso
21:23:01.742 - [Server server3] Serviço de usuários iniciado em tcp://localhost:5857
21:23:01.742 - [Server server3] Serviço de posts iniciado em tcp://localhost:5557
21:23:01.744 - [Server server3] Serviço de seguidores iniciado em tcp://localhost:5757
21:23:01.744 - [Server server3] Serviço de mensagens iniciado em tcp://localhost:5657
21:23:03.726 - [Server server3] Iniciando verificação periódica de coordenador
21:23:03.777 - [Server server3] Mensagem recebida: {"syncAddress":"tcp://localhost:6038","logicalTime":21,"serverAddress":"localhost","action":"SERVER_ANNOUNCEMENT","serverPort":5555,"serverId":"server1"}
21:23:03.782 - [Server server3] Recebido anúncio do servidor server1 em localhost:5555 (sync: tcp://localhost:6038)
21:23:03.782 - [Server server3] Informações atualizadas para servidor: server1
21:23:05.733 - [Server server3] Iniciando serviço de descoberta de servidores
21:23:05.968 - [Server server3] Mensagem recebida: {"fromServer":"server2","logicalTime":27,"action":"SERVER_PING"}
21:23:08.961 - [Server server3] Mensagem recebida: {"syncAddress":"tcp://localhost:6040","logicalTime":34,"serverAddress":"localhost","action":"SERVER_ANNOUNCEMENT","serverPort":5556,"serverId":"server2"}
21:23:08.962 - [Server server3] Recebido anúncio do servidor server2 em localhost:5556 (sync: tcp://localhost:6040)
21:23:08.962 - [Server server3] Informações atualizadas para servidor: server2
21:23:10.782 - [Server server3] Mensagem recebida: {"fromServer":"balancer","logicalTime":35,"action":"SERVER_PING"}
21:23:10.789 - [Server server3] Mensagem enviada para balancer: {"fromServer":"server3","logicalTime":36,"action":"SERVER_PING"}
21:23:10.793 - [Server server3] Resposta recebida de balancer: {"success":true,"logicalTime":40,"isActive":true,"serverId":"balancer"}
21:23:10.823 - [Server server3] Mensagem enviada para server2: {"fromServer":"server3","logicalTime":42,"action":"SERVER_PING"}
21:23:10.824 - [Server server3] Resposta recebida de server2: {"success":true,"logicalTime":43,"isActive":true,"serverId":"server2"}
21:23:10.852 - [Server server3] Mensagem enviada para server1: {"fromServer":"server3","logicalTime":45,"action":"SERVER_PING"}
21:23:10.854 - [Server server3] Resposta recebida de server1: {"success":true,"logicalTime":46,"isActive":true,"serverId":"server1"}
21:23:10.858 - [Server server3] Verificação completa: 3 servidores ativos, 0 servidores inativos
21:23:13.787 - [Server server3] Mensagem enviada para server2: {"syncAddress":"tcp://localhost:6042","logicalTime":49,"serverAddress":"localhost","action":"SERVER_ANNOUNCEMENT","serverPort":5557,"serverId":"server3"}
21:23:13.795 - [Server server3] Resposta recebida de server2: {"success":true,"logicalTime":50}
21:23:13.797 - [Server server3] Mensagem enviada para balancer: {"syncAddress":"tcp://localhost:6042","logicalTime":48,"serverAddress":"localhost","action":"SERVER_ANNOUNCEMENT","serverPort":5557,"serverId":"server3"}
21:23:13.799 - [Server server3] Mensagem enviada para server1: {"syncAddress":"tcp://localhost:6042","logicalTime":50,"serverAddress":"localhost","action":"SERVER_ANNOUNCEMENT","serverPort":5557,"serverId":"server3"}
21:23:13.802 - [Server server3] Resposta recebida de server1: {"success":true,"logicalTime":51}
21:23:13.802 - [Server server3] Resposta recebida de balancer: {"success":true,"logicalTime":49}
21:23:15.816 - [Server server3] Mensagem recebida: {"fromServer":"server1","logicalTime":55,"action":"SERVER_PING"}
21:23:18.743 - [Server server3] Mensagem recebida: {"fromServer":"balancer","logicalTime":54,"action":"IS_COORDINATOR_REQUEST"}
21:23:18.838 - [Server server3] Mensagem recebida: {"fromServer":"balancer","logicalTime":65,"action":"ELECTION"}
21:23:18.839 - [Server server3] Iniciando eleição de coordenador
21:23:18.840 - [Server server3] Este servidor foi eleito como coordenador
21:23:18.872 - [Server server3] Mensagem recebida: {"fromServer":"server1","logicalTime":70,"action":"ELECTION"}
21:23:18.873 - [Server server3] Mensagem enviada para balancer: {"fromServer":"server3","logicalTime":67,"action":"ELECTION_RESPONSE"}
21:23:18.873 - [Server server3] Iniciando eleição de coordenador
21:23:18.873 - [Server server3] Este servidor foi eleito como coordenador
21:23:18.874 - [Server server3] Mensagem enviada para server2: {"logicalTime":69,"action":"COORDINATOR","coordinatorId":"server3"}
21:23:18.874 - [Server server3] Mensagem enviada para balancer: {"logicalTime":68,"action":"COORDINATOR","coordinatorId":"server3"}
21:23:18.875 - [Server server3] Resposta recebida de balancer: {"success":true,"logicalTime":76}
21:23:18.878 - [Server server3] Resposta recebida de server2: {"success":true,"logicalTime":74}
21:23:18.879 - [Server server3] Resposta recebida de balancer: {"success":true,"logicalTime":77}
21:23:18.879 - [Server server3] Mensagem recebida: {"fromServer":"server2","logicalTime":69,"action":"ELECTION"}
21:23:18.880 - [Server server3] Iniciando eleição de coordenador
21:23:18.880 - [Server server3] Este servidor foi eleito como coordenador
21:23:18.885 - [Server server3] Mensagem enviada para server1: {"logicalTime":70,"action":"COORDINATOR","coordinatorId":"server3"}
21:23:18.889 - [Server server3] Resposta recebida de server1: {"success":true,"logicalTime":78}
21:23:18.906 - [Server server3] Mensagem enviada para server1: {"fromServer":"server3","logicalTime":72,"action":"ELECTION_RESPONSE"}
21:23:18.906 - [Server server3] Mensagem enviada para server2: {"logicalTime":74,"action":"COORDINATOR","coordinatorId":"server3"}
21:23:18.906 - [Server server3] Mensagem enviada para server1: {"logicalTime":75,"action":"COORDINATOR","coordinatorId":"server3"}
21:23:18.908 - [Server server3] Mensagem enviada para server2: {"fromServer":"server3","logicalTime":81,"action":"ELECTION_RESPONSE"}
21:23:18.909 - [Server server3] Resposta recebida de server2: {"success":true,"logicalTime":85}
21:23:18.909 - [Server server3] Mensagem enviada para balancer: {"logicalTime":73,"action":"COORDINATOR","coordinatorId":"server3"}
21:23:18.909 - [Server server3] Resposta recebida de server1: {"success":true,"logicalTime":79}
21:23:18.910 - [Server server3] Resposta recebida de server2: {"success":true,"logicalTime":86}
21:23:18.911 - [Server server3] Resposta recebida de server1: {"success":true,"logicalTime":80}
21:23:18.911 - [Server server3] Mensagem enviada para server1: {"logicalTime":84,"action":"COORDINATOR","coordinatorId":"server3"}
21:23:18.912 - [Server server3] Mensagem enviada para server2: {"logicalTime":83,"action":"COORDINATOR","coordinatorId":"server3"}
21:23:18.912 - [Server server3] Mensagem enviada para balancer: {"logicalTime":82,"action":"COORDINATOR","coordinatorId":"server3"}
21:23:18.912 - [Server server3] Resposta recebida de balancer: {"success":true,"logicalTime":79}
21:23:18.913 - [Server server3] Resposta recebida de server2: {"success":true,"logicalTime":88}
21:23:18.913 - [Server server3] Resposta recebida de server1: {"success":true,"logicalTime":85}
21:23:18.914 - [Server server3] Resposta recebida de balancer: {"success":true,"logicalTime":83}
21:32:47.667 - [Server server3] EventLogger initialized for server server3
21:32:47.710 - [Server server3] Inicializando comunicação no endereço: tcp://localhost:6042
21:32:47.714 - [Server server3] Inicializando comunicação no endereço: tcp://localhost:6042
21:32:47.717 - [Server server3] Servidor registrado: balancer em localhost:6030
21:32:47.718 - [Server server3] Servidor registrado: balancer em localhost:6030
21:32:47.718 - [Server server3] Servidor registrado: server1 em localhost:6038
21:32:47.718 - [Server server3] Servidor registrado: server1 em localhost:6038
21:32:47.718 - [Server server3] Servidor registrado: server2 em localhost:6040
21:32:47.718 - [Server server3] Servidor registrado: server2 em localhost:6040
21:32:47.719 - [Server server3] Inicializando como servidor de aplicação
21:32:47.720 - [Server server3] Arquivo de usuários não encontrado, iniciando com repositório vazio
21:32:47.720 - [Server server3] Arquivo de publicações não encontrado, iniciando com repositório vazio
21:32:47.721 - [Server server3] Arquivo de mensagens não encontrado, iniciando com repositório vazio
21:32:47.723 - [Server server3] ReplicationManager inicializado com todos os repositórios
21:32:47.724 - [Server server3] Iniciando serviços...
21:32:47.726 - [Server server3] TimeManager inicializado com offset: 0
21:32:47.749 - [Server server3] Tentando bind em tcp://localhost:6042 (tentativa 1 de 5)
21:32:47.753 - [Server server3] Bind bem-sucedido em tcp://localhost:6042
21:32:48.730 - [Server server3] Comunicação entre servidores iniciada em tcp://localhost:6042
21:32:48.730 - [Server server3] Iniciando serviço de replicação de dados
21:32:48.732 - [Server server3] Todos os serviços de aplicação iniciados
21:32:48.733 - [Server server3] Sistema iniciado com sucesso
21:32:48.746 - [Server server3] Serviço de seguidores iniciado em tcp://localhost:5757
21:32:48.747 - [Server server3] Serviço de usuários iniciado em tcp://localhost:5857
21:32:48.747 - [Server server3] Serviço de mensagens iniciado em tcp://localhost:5657
21:32:48.748 - [Server server3] Serviço de posts iniciado em tcp://localhost:5557
21:32:50.865 - [Server server3] Mensagem recebida: {"syncAddress":"tcp://localhost:6038","logicalTime":22,"serverAddress":"localhost","action":"SERVER_ANNOUNCEMENT","serverPort":5555,"serverId":"server1"}
21:32:50.868 - [Server server3] Recebido anúncio do servidor server1 em localhost:5555 (sync: tcp://localhost:6038)
21:32:50.868 - [Server server3] Informações atualizadas para servidor: server1
21:32:52.764 - [Server server3] Iniciando serviço de descoberta de servidores
21:32:55.831 - [Server server3] Mensagem recebida: {"syncAddress":"tcp://localhost:6040","logicalTime":33,"serverAddress":"localhost","action":"SERVER_ANNOUNCEMENT","serverPort":5556,"serverId":"server2"}
21:32:55.831 - [Server server3] Recebido anúncio do servidor server2 em localhost:5556 (sync: tcp://localhost:6040)
21:32:55.832 - [Server server3] Informações atualizadas para servidor: server2
21:32:57.771 - [Server server3] Verificando status dos servidores...
21:32:57.808 - [Server server3] Resposta recebida de balancer: {"success":true,"logicalTime":36,"isActive":true,"serverId":"balancer"}
21:32:57.839 - [Server server3] Resposta recebida de server2: {"success":true,"logicalTime":39,"isActive":true,"serverId":"server2"}
21:32:57.856 - [Server server3] Resposta recebida de server1: {"success":true,"logicalTime":42,"isActive":true,"serverId":"server1"}
21:33:00.779 - [Server server3] Anunciando presença do servidor server3 na rede
21:33:00.833 - [Server server3] Mensagem enviada para server2: {"syncAddress":"tcp://localhost:6042","logicalTime":46,"serverAddress":"localhost","action":"SERVER_ANNOUNCEMENT","serverPort":5557,"serverId":"server3"}
21:33:00.834 - [Server server3] Mensagem enviada para balancer: {"syncAddress":"tcp://localhost:6042","logicalTime":45,"serverAddress":"localhost","action":"SERVER_ANNOUNCEMENT","serverPort":5557,"serverId":"server3"}
21:33:00.836 - [Server server3] Resposta recebida de server2: {"success":true,"logicalTime":48}
21:33:00.837 - [Server server3] Resposta recebida de balancer: {"success":true,"logicalTime":52}
21:33:00.839 - [Server server3] Mensagem enviada para server1: {"syncAddress":"tcp://localhost:6042","logicalTime":47,"serverAddress":"localhost","action":"SERVER_ANNOUNCEMENT","serverPort":5557,"serverId":"server3"}
21:33:00.841 - [Server server3] Resposta recebida de server1: {"success":true,"logicalTime":51}
21:33:06.153 - [Server server3] Mensagem recebida: {"fromServer":"balancer","logicalTime":54,"action":"IS_COORDINATOR_REQUEST"}
21:33:06.232 - [Server server3] Mensagem recebida: {"fromServer":"balancer","logicalTime":65,"action":"ELECTION"}
21:33:06.234 - [Server server3] Recebida mensagem de eleição de balancer
21:33:06.235 - [Server server3] Enviada resposta de eleição para balancer
21:33:06.235 - [Server server3] Iniciando eleição de coordenador
21:33:06.237 - [Server server3] Este servidor foi eleito como coordenador
21:33:06.238 - [Server server3] Enviada mensagem de coordenador para balancer
21:33:06.239 - [Server server3] Enviada mensagem de coordenador para server2
21:33:06.241 - [Server server3] Enviada mensagem de coordenador para server1
21:33:06.275 - [Server server3] Mensagem enviada para balancer: {"fromServer":"server3","logicalTime":67,"action":"ELECTION_RESPONSE"}
21:33:06.277 - [Server server3] Mensagem enviada para server2: {"logicalTime":69,"action":"COORDINATOR","coordinatorId":"server3"}
21:33:06.278 - [Server server3] Resposta recebida de balancer: {"success":true,"logicalTime":73}
21:33:06.279 - [Server server3] Mensagem enviada para balancer: {"logicalTime":68,"action":"COORDINATOR","coordinatorId":"server3"}
21:33:06.279 - [Server server3] Mensagem recebida: {"fromServer":"server2","logicalTime":69,"action":"ELECTION"}
21:33:06.280 - [Server server3] Mensagem enviada para server1: {"logicalTime":70,"action":"COORDINATOR","coordinatorId":"server3"}
21:33:06.281 - [Server server3] Resposta recebida de server2: {"success":true,"logicalTime":70}
21:33:06.282 - [Server server3] Recebida mensagem de eleição de server2
21:33:06.282 - [Server server3] Enviada resposta de eleição para server2
21:33:06.282 - [Server server3] Iniciando eleição de coordenador
21:33:06.283 - [Server server3] Este servidor foi eleito como coordenador
21:33:06.283 - [Server server3] Resposta recebida de balancer: {"success":true,"logicalTime":74}
21:33:06.283 - [Server server3] Enviada mensagem de coordenador para balancer
21:33:06.284 - [Server server3] Enviada mensagem de coordenador para server2
21:33:06.284 - [Server server3] Resposta recebida de server1: {"success":true,"logicalTime":72}
21:33:06.284 - [Server server3] Enviada mensagem de coordenador para server1
21:33:06.285 - [Server server3] Mensagem recebida: {"fromServer":"server1","logicalTime":70,"action":"ELECTION"}
21:33:06.286 - [Server server3] Recebida mensagem de eleição de server1
21:33:06.286 - [Server server3] Enviada resposta de eleição para server1
21:33:06.287 - [Server server3] Iniciando eleição de coordenador
21:33:06.287 - [Server server3] Este servidor foi eleito como coordenador
21:33:06.287 - [Server server3] Enviada mensagem de coordenador para balancer
21:33:06.287 - [Server server3] Enviada mensagem de coordenador para server2
21:33:06.289 - [Server server3] Enviada mensagem de coordenador para server1
21:33:06.312 - [Server server3] Mensagem enviada para balancer: {"logicalTime":78,"action":"COORDINATOR","coordinatorId":"server3"}
21:33:06.314 - [Server server3] Mensagem enviada para server2: {"fromServer":"server3","logicalTime":77,"action":"ELECTION_RESPONSE"}
21:33:06.315 - [Server server3] Mensagem enviada para server2: {"logicalTime":80,"action":"COORDINATOR","coordinatorId":"server3"}
21:33:06.315 - [Server server3] Resposta recebida de balancer: {"success":true,"logicalTime":79}
21:33:06.317 - [Server server3] Resposta recebida de server2: {"success":true,"logicalTime":83}
21:33:06.317 - [Server server3] Mensagem enviada para server1: {"logicalTime":82,"action":"COORDINATOR","coordinatorId":"server3"}
21:33:06.318 - [Server server3] Mensagem recebida: {"fromServer":"server2","logicalTime":77,"action":"ELECTION"}
21:33:06.319 - [Server server3] Recebida mensagem de eleição de server2
21:33:06.319 - [Server server3] Mensagem enviada para balancer: {"logicalTime":85,"action":"COORDINATOR","coordinatorId":"server3"}
21:33:06.319 - [Server server3] Resposta recebida de server2: {"success":true,"logicalTime":84}
21:33:06.320 - [Server server3] Enviada resposta de eleição para server2
21:33:06.320 - [Server server3] Mensagem enviada para server1: {"fromServer":"server3","logicalTime":84,"action":"ELECTION_RESPONSE"}
21:33:06.320 - [Server server3] Iniciando eleição de coordenador
21:33:06.321 - [Server server3] Mensagem enviada para server1: {"logicalTime":87,"action":"COORDINATOR","coordinatorId":"server3"}
21:33:06.321 - [Server server3] Mensagem enviada para server2: {"logicalTime":86,"action":"COORDINATOR","coordinatorId":"server3"}
21:33:06.321 - [Server server3] Resposta recebida de server1: {"success":true,"logicalTime":89}
21:33:06.322 - [Server server3] Este servidor foi eleito como coordenador
21:33:06.322 - [Server server3] Resposta recebida de server1: {"success":true,"logicalTime":90}
21:33:06.322 - [Server server3] Enviada mensagem de coordenador para balancer
21:33:06.323 - [Server server3] Resposta recebida de balancer: {"success":true,"logicalTime":86}
21:33:06.323 - [Server server3] Enviada mensagem de coordenador para server2
21:33:06.323 - [Server server3] Enviada mensagem de coordenador para server1
21:33:06.324 - [Server server3] Resposta recebida de server1: {"success":true,"logicalTime":91}
21:33:06.324 - [Server server3] Resposta recebida de server2: {"success":true,"logicalTime":90}
21:33:06.336 - [Server server3] Mensagem enviada para server2: {"logicalTime":96,"action":"COORDINATOR","coordinatorId":"server3"}
21:33:06.338 - [Server server3] Resposta recebida de server2: {"success":true,"logicalTime":100}
21:33:06.342 - [Server server3] Mensagem enviada para server2: {"fromServer":"server3","logicalTime":91,"action":"ELECTION_RESPONSE"}
21:33:06.343 - [Server server3] Mensagem enviada para balancer: {"logicalTime":94,"action":"COORDINATOR","coordinatorId":"server3"}
21:33:06.344 - [Server server3] Mensagem enviada para server1: {"logicalTime":98,"action":"COORDINATOR","coordinatorId":"server3"}
21:33:06.344 - [Server server3] Resposta recebida de server2: {"success":true,"logicalTime":101}
21:33:06.345 - [Server server3] Resposta recebida de balancer: {"success":true,"logicalTime":95}
21:33:06.346 - [Server server3] Resposta recebida de server1: {"success":true,"logicalTime":99}
21:33:10.827 - [Server server3] Mensagem recebida: {"fromServer":"server1","logicalTime":113,"action":"IS_COORDINATOR_REQUEST"}
21:33:12.784 - [Server server3] Verificando status dos servidores...
21:33:12.821 - [Server server3] Resposta recebida de balancer: {"success":true,"logicalTime":119,"isActive":true,"serverId":"balancer"}
21:33:12.853 - [Server server3] Resposta recebida de server2: {"success":true,"logicalTime":122,"isActive":true,"serverId":"server2"}
21:33:12.870 - [Server server3] Resposta recebida de server1: {"success":true,"logicalTime":125,"isActive":true,"serverId":"server1"}
21:33:15.782 - [Server server3] Mensagem recebida: {"fromServer":"server2","logicalTime":137,"action":"IS_COORDINATOR_REQUEST"}
21:33:20.792 - [Server server3] Resposta recebida de balancer: {"success":true,"logicalTime":145}
21:33:20.793 - [Server server3] Resposta recebida de server1: {"success":true,"logicalTime":147}
21:33:20.799 - [Server server3] Resposta recebida de server2: {"success":true,"logicalTime":146}
21:33:27.781 - [Server server3] Verificando status dos servidores...
21:33:27.809 - [Server server3] Resposta recebida de balancer: {"success":true,"logicalTime":153,"isActive":true,"serverId":"balancer"}
21:33:27.850 - [Server server3] Resposta recebida de server2: {"success":true,"logicalTime":156,"isActive":true,"serverId":"server2"}
21:33:27.883 - [Server server3] Resposta recebida de server1: {"success":true,"logicalTime":159,"isActive":true,"serverId":"server1"}
21:33:36.164 - [Server server3] Mensagem recebida: {"fromServer":"balancer","logicalTime":170,"action":"IS_COORDINATOR_REQUEST"}
21:33:40.831 - [Server server3] Mensagem recebida: {"fromServer":"server1","logicalTime":188,"action":"IS_COORDINATOR_REQUEST"}
21:33:42.777 - [Server server3] Verificando status dos servidores...
21:33:42.808 - [Server server3] Resposta recebida de balancer: {"success":true,"logicalTime":194,"isActive":true,"serverId":"balancer"}
21:33:42.822 - [Server server3] Resposta recebida de server2: {"success":true,"logicalTime":197,"isActive":true,"serverId":"server2"}
21:33:42.840 - [Server server3] Resposta recebida de server1: {"success":true,"logicalTime":200,"isActive":true,"serverId":"server1"}
21:33:45.784 - [Server server3] Mensagem recebida: {"fromServer":"server2","logicalTime":212,"action":"IS_COORDINATOR_REQUEST"}
21:33:50.788 - [Server server3] Resposta recebida de balancer: {"success":true,"logicalTime":219}
21:33:50.789 - [Server server3] Resposta recebida de server2: {"success":true,"logicalTime":221}
21:33:50.789 - [Server server3] Resposta recebida de server1: {"success":true,"logicalTime":222}
21:34:26.625 - [Server server3] EventLogger initialized for server server3
21:34:26.669 - [Server server3] Inicializando comunicação no endereço: tcp://localhost:6042
21:34:26.672 - [Server server3] Inicializando comunicação no endereço: tcp://localhost:6042
21:34:26.676 - [Server server3] Servidor registrado: balancer em localhost:6030
21:34:26.676 - [Server server3] Servidor registrado: balancer em localhost:6030
21:34:26.676 - [Server server3] Servidor registrado: server1 em localhost:6038
21:34:26.676 - [Server server3] Servidor registrado: server1 em localhost:6038
21:34:26.676 - [Server server3] Servidor registrado: server2 em localhost:6040
21:34:26.677 - [Server server3] Servidor registrado: server2 em localhost:6040
21:34:26.677 - [Server server3] Inicializando como servidor de aplicação
21:34:26.678 - [Server server3] Arquivo de usuários não encontrado, iniciando com repositório vazio
21:34:26.678 - [Server server3] Arquivo de publicações não encontrado, iniciando com repositório vazio
21:34:26.679 - [Server server3] Arquivo de mensagens não encontrado, iniciando com repositório vazio
21:34:26.682 - [Server server3] ReplicationManager inicializado com todos os repositórios
21:34:26.682 - [Server server3] Iniciando serviços...
21:34:26.684 - [Server server3] TimeManager inicializado com offset: 0
21:34:26.709 - [Server server3] Tentando bind em tcp://localhost:6042 (tentativa 1 de 5)
21:34:26.714 - [Server server3] Bind bem-sucedido em tcp://localhost:6042
21:34:27.699 - [Server server3] Comunicação entre servidores iniciada em tcp://localhost:6042
21:34:27.700 - [Server server3] Iniciando serviço de replicação de dados
21:34:27.705 - [Server server3] Todos os serviços de aplicação iniciados
21:34:27.707 - [Server server3] Sistema iniciado com sucesso
21:34:27.723 - [Server server3] Serviço de posts iniciado em tcp://localhost:5557
21:34:27.724 - [Server server3] Serviço de mensagens iniciado em tcp://localhost:5657
21:34:27.725 - [Server server3] Serviço de seguidores iniciado em tcp://localhost:5757
21:34:27.725 - [Server server3] Serviço de usuários iniciado em tcp://localhost:5857
21:34:29.738 - [Server server3] Mensagem recebida: {"syncAddress":"tcp://localhost:6038","logicalTime":22,"serverAddress":"localhost","action":"SERVER_ANNOUNCEMENT","serverPort":5555,"serverId":"server1"}
21:34:29.742 - [Server server3] Recebido anúncio do servidor server1 em localhost:5555 (sync: tcp://localhost:6038)
21:34:29.743 - [Server server3] Informações atualizadas para servidor: server1
21:34:31.726 - [Server server3] Iniciando serviço de descoberta de servidores
21:34:34.769 - [Server server3] Mensagem recebida: {"syncAddress":"tcp://localhost:6040","logicalTime":35,"serverAddress":"localhost","action":"SERVER_ANNOUNCEMENT","serverPort":5556,"serverId":"server2"}
21:34:34.773 - [Server server3] Recebido anúncio do servidor server2 em localhost:5556 (sync: tcp://localhost:6040)
21:34:34.774 - [Server server3] Informações atualizadas para servidor: server2
21:34:36.743 - [Server server3] Verificando status dos servidores...
21:34:36.774 - [Server server3] Resposta recebida de balancer: {"success":true,"logicalTime":38,"isActive":true,"serverId":"balancer"}
21:34:36.791 - [Server server3] Resposta recebida de server2: {"success":true,"logicalTime":41,"isActive":true,"serverId":"server2"}
21:34:36.805 - [Server server3] Resposta recebida de server1: {"success":true,"logicalTime":44,"isActive":true,"serverId":"server1"}
21:34:39.744 - [Server server3] Anunciando presença do servidor server3 na rede
21:34:39.780 - [Server server3] Mensagem enviada para server2: {"syncAddress":"tcp://localhost:6042","logicalTime":49,"serverAddress":"localhost","action":"SERVER_ANNOUNCEMENT","serverPort":5557,"serverId":"server3"}
21:34:39.782 - [Server server3] Mensagem enviada para balancer: {"syncAddress":"tcp://localhost:6042","logicalTime":47,"serverAddress":"localhost","action":"SERVER_ANNOUNCEMENT","serverPort":5557,"serverId":"server3"}
21:34:39.783 - [Server server3] Mensagem enviada para server1: {"syncAddress":"tcp://localhost:6042","logicalTime":48,"serverAddress":"localhost","action":"SERVER_ANNOUNCEMENT","serverPort":5557,"serverId":"server3"}
21:34:39.783 - [Server server3] Resposta recebida de server2: {"success":true,"logicalTime":50}
21:34:39.784 - [Server server3] Resposta recebida de balancer: {"success":true,"logicalTime":54}
21:34:39.787 - [Server server3] Resposta recebida de server1: {"success":true,"logicalTime":53}
21:34:45.577 - [Server server3] Mensagem recebida: {"fromServer":"balancer","logicalTime":67,"action":"ELECTION"}
21:34:45.578 - [Server server3] Recebida mensagem de eleição de balancer
21:34:45.579 - [Server server3] Enviada resposta de eleição para balancer
21:34:45.580 - [Server server3] Iniciando eleição de coordenador
21:34:45.581 - [Server server3] Este servidor foi eleito como coordenador
21:34:45.582 - [Server server3] Enviada mensagem de coordenador para balancer
21:34:45.583 - [Server server3] Enviada mensagem de coordenador para server2
21:34:45.584 - [Server server3] Enviada mensagem de coordenador para server1
21:34:45.629 - [Server server3] Mensagem enviada para balancer: {"fromServer":"server3","logicalTime":69,"action":"ELECTION_RESPONSE"}
21:34:45.631 - [Server server3] Mensagem recebida: {"fromServer":"server2","logicalTime":71,"action":"ELECTION"}
21:34:45.631 - [Server server3] Recebida mensagem de eleição de server2
21:34:45.632 - [Server server3] Enviada resposta de eleição para server2
21:34:45.633 - [Server server3] Iniciando eleição de coordenador
21:34:45.633 - [Server server3] Este servidor foi eleito como coordenador
21:34:45.634 - [Server server3] Mensagem enviada para server2: {"logicalTime":71,"action":"COORDINATOR","coordinatorId":"server3"}
21:34:45.634 - [Server server3] Enviada mensagem de coordenador para balancer
21:34:45.634 - [Server server3] Resposta recebida de balancer: {"success":true,"logicalTime":78}
21:34:45.634 - [Server server3] Mensagem enviada para server1: {"logicalTime":72,"action":"COORDINATOR","coordinatorId":"server3"}
21:34:45.635 - [Server server3] Enviada mensagem de coordenador para server2
21:34:45.636 - [Server server3] Mensagem enviada para balancer: {"logicalTime":70,"action":"COORDINATOR","coordinatorId":"server3"}
21:34:45.636 - [Server server3] Enviada mensagem de coordenador para server1
21:34:45.637 - [Server server3] Mensagem recebida: {"fromServer":"server1","logicalTime":72,"action":"ELECTION"}
21:34:45.637 - [Server server3] Recebida mensagem de eleição de server1
21:34:45.638 - [Server server3] Enviada resposta de eleição para server1
21:34:45.638 - [Server server3] Resposta recebida de server2: {"success":true,"logicalTime":82}
21:34:45.639 - [Server server3] Resposta recebida de server1: {"success":true,"logicalTime":80}
21:34:45.639 - [Server server3] Iniciando eleição de coordenador
21:34:45.640 - [Server server3] Resposta recebida de balancer: {"success":true,"logicalTime":79}
21:34:45.640 - [Server server3] Este servidor foi eleito como coordenador
21:34:45.641 - [Server server3] Enviada mensagem de coordenador para balancer
21:34:45.641 - [Server server3] Enviada mensagem de coordenador para server2
21:34:45.641 - [Server server3] Enviada mensagem de coordenador para server1
21:34:45.664 - [Server server3] Mensagem enviada para balancer: {"logicalTime":75,"action":"COORDINATOR","coordinatorId":"server3"}
21:34:45.664 - [Server server3] Mensagem enviada para server2: {"fromServer":"server3","logicalTime":74,"action":"ELECTION_RESPONSE"}
21:34:45.665 - [Server server3] Mensagem enviada para server2: {"logicalTime":80,"action":"COORDINATOR","coordinatorId":"server3"}
21:34:45.666 - [Server server3] Mensagem enviada para balancer: {"logicalTime":87,"action":"COORDINATOR","coordinatorId":"server3"}
21:34:45.666 - [Server server3] Mensagem enviada para server1: {"logicalTime":81,"action":"COORDINATOR","coordinatorId":"server3"}
21:34:45.667 - [Server server3] Mensagem enviada para server2: {"logicalTime":88,"action":"COORDINATOR","coordinatorId":"server3"}
21:34:45.667 - [Server server3] Mensagem enviada para server1: {"fromServer":"server3","logicalTime":84,"action":"ELECTION_RESPONSE"}
21:34:45.667 - [Server server3] Resposta recebida de balancer: {"success":true,"logicalTime":80}
21:34:45.668 - [Server server3] Resposta recebida de server2: {"success":true,"logicalTime":92}
21:34:45.669 - [Server server3] Resposta recebida de balancer: {"success":true,"logicalTime":88}
21:34:45.669 - [Server server3] Resposta recebida de server2: {"success":true,"logicalTime":93}
21:34:45.670 - [Server server3] Resposta recebida de server1: {"success":true,"logicalTime":91}
21:34:45.670 - [Server server3] Resposta recebida de server2: {"success":true,"logicalTime":94}
21:34:45.670 - [Server server3] Resposta recebida de server1: {"success":true,"logicalTime":92}
21:34:45.671 - [Server server3] Mensagem enviada para server1: {"logicalTime":89,"action":"COORDINATOR","coordinatorId":"server3"}
21:34:45.674 - [Server server3] Resposta recebida de server1: {"success":true,"logicalTime":93}
21:34:51.736 - [Server server3] Verificando status dos servidores...
21:34:51.777 - [Server server3] Resposta recebida de balancer: {"success":true,"logicalTime":113,"isActive":true,"serverId":"balancer"}
21:34:51.799 - [Server server3] Resposta recebida de server2: {"success":true,"logicalTime":116,"isActive":true,"serverId":"server2"}
21:34:51.820 - [Server server3] Resposta recebida de server1: {"success":true,"logicalTime":119,"isActive":true,"serverId":"server1"}
21:34:59.767 - [Server server3] Resposta recebida de server2: {"success":true,"logicalTime":140}
21:34:59.767 - [Server server3] Resposta recebida de balancer: {"success":true,"logicalTime":138}
21:34:59.770 - [Server server3] Resposta recebida de server1: {"success":true,"logicalTime":141}
21:35:06.734 - [Server server3] Verificando status dos servidores...
21:35:06.767 - [Server server3] Resposta recebida de balancer: {"success":true,"logicalTime":147,"isActive":true,"serverId":"balancer"}
21:35:06.783 - [Server server3] Resposta recebida de server2: {"success":true,"logicalTime":150,"isActive":true,"serverId":"server2"}
21:35:06.800 - [Server server3] Resposta recebida de server1: {"success":true,"logicalTime":153,"isActive":true,"serverId":"server1"}
21:35:50.665 - [Server server3] EventLogger initialized for server server3
21:35:50.712 - [Server server3] Inicializando comunicação no endereço: tcp://localhost:6042
21:35:50.715 - [Server server3] Inicializando comunicação no endereço: tcp://localhost:6042
21:35:50.718 - [Server server3] Servidor registrado: balancer em localhost:6030
21:35:50.718 - [Server server3] Servidor registrado: balancer em localhost:6030
21:35:50.718 - [Server server3] Servidor registrado: server1 em localhost:6038
21:35:50.719 - [Server server3] Servidor registrado: server1 em localhost:6038
21:35:50.719 - [Server server3] Servidor registrado: server2 em localhost:6040
21:35:50.719 - [Server server3] Servidor registrado: server2 em localhost:6040
21:35:50.719 - [Server server3] Inicializando como servidor de aplicação
21:35:50.720 - [Server server3] Arquivo de usuários não encontrado, iniciando com repositório vazio
21:35:50.721 - [Server server3] Arquivo de publicações não encontrado, iniciando com repositório vazio
21:35:50.721 - [Server server3] Arquivo de mensagens não encontrado, iniciando com repositório vazio
21:35:50.724 - [Server server3] ReplicationManager inicializado com todos os repositórios
21:35:50.724 - [Server server3] Iniciando serviços...
21:35:50.726 - [Server server3] TimeManager inicializado com offset: 0
21:35:50.749 - [Server server3] Tentando bind em tcp://localhost:6042 (tentativa 1 de 5)
21:35:50.753 - [Server server3] Bind bem-sucedido em tcp://localhost:6042
21:35:51.741 - [Server server3] Comunicação entre servidores iniciada em tcp://localhost:6042
21:35:51.742 - [Server server3] Iniciando serviço de replicação de dados
21:35:51.747 - [Server server3] Todos os serviços de aplicação iniciados
21:35:51.749 - [Server server3] Sistema iniciado com sucesso
21:35:51.768 - [Server server3] Serviço de usuários iniciado em tcp://localhost:5857
21:35:51.769 - [Server server3] Serviço de seguidores iniciado em tcp://localhost:5757
21:35:51.769 - [Server server3] Serviço de posts iniciado em tcp://localhost:5557
21:35:51.770 - [Server server3] Serviço de mensagens iniciado em tcp://localhost:5657
21:35:53.799 - [Server server3] Mensagem recebida: {"syncAddress":"tcp://localhost:6038","logicalTime":21,"serverAddress":"localhost","action":"SERVER_ANNOUNCEMENT","serverPort":5555,"serverId":"server1"}
21:35:53.803 - [Server server3] Recebido anúncio do servidor server1 em localhost:5555 (sync: tcp://localhost:6038)
21:35:53.804 - [Server server3] Informações atualizadas para servidor: server1
21:35:55.782 - [Server server3] Iniciando serviço de descoberta de servidores
21:35:58.760 - [Server server3] Mensagem recebida: {"syncAddress":"tcp://localhost:6040","logicalTime":34,"serverAddress":"localhost","action":"SERVER_ANNOUNCEMENT","serverPort":5556,"serverId":"server2"}
21:35:58.760 - [Server server3] Recebido anúncio do servidor server2 em localhost:5556 (sync: tcp://localhost:6040)
21:35:58.761 - [Server server3] Informações atualizadas para servidor: server2
21:36:00.794 - [Server server3] Verificando status dos servidores...
21:36:03.788 - [Server server3] Anunciando presença do servidor server3 na rede
21:36:03.834 - [Server server3] Mensagem enviada para server2: {"syncAddress":"tcp://localhost:6042","logicalTime":48,"serverAddress":"localhost","action":"SERVER_ANNOUNCEMENT","serverPort":5557,"serverId":"server3"}
21:36:03.839 - [Server server3] Mensagem enviada para balancer: {"syncAddress":"tcp://localhost:6042","logicalTime":46,"serverAddress":"localhost","action":"SERVER_ANNOUNCEMENT","serverPort":5557,"serverId":"server3"}
21:36:03.843 - [Server server3] Mensagem enviada para server1: {"syncAddress":"tcp://localhost:6042","logicalTime":47,"serverAddress":"localhost","action":"SERVER_ANNOUNCEMENT","serverPort":5557,"serverId":"server3"}
21:36:08.996 - [Server server3] Mensagem recebida: {"fromServer":"balancer","logicalTime":66,"action":"ELECTION"}
21:36:08.998 - [Server server3] Recebida mensagem de eleição de balancer
21:36:08.999 - [Server server3] Enviada resposta de eleição para balancer
21:36:08.999 - [Server server3] Iniciando eleição de coordenador
21:36:08.999 - [Server server3] Este servidor foi eleito como coordenador
21:36:09.000 - [Server server3] Enviada mensagem de coordenador para balancer
21:36:09.000 - [Server server3] Enviada mensagem de coordenador para server2
21:36:09.001 - [Server server3] Enviada mensagem de coordenador para server1
21:36:09.038 - [Server server3] Mensagem recebida: {"fromServer":"server2","logicalTime":70,"action":"ELECTION"}
21:36:09.039 - [Server server3] Recebida mensagem de eleição de server2
21:36:09.039 - [Server server3] Enviada resposta de eleição para server2
21:36:09.039 - [Server server3] Iniciando eleição de coordenador
21:36:09.039 - [Server server3] Este servidor foi eleito como coordenador
21:36:09.039 - [Server server3] Enviada mensagem de coordenador para balancer
21:36:09.040 - [Server server3] Enviada mensagem de coordenador para server2
21:36:09.040 - [Server server3] Enviada mensagem de coordenador para server1
21:36:09.041 - [Server server3] Mensagem enviada para balancer: {"fromServer":"server3","logicalTime":68,"action":"ELECTION_RESPONSE"}
21:36:09.043 - [Server server3] Mensagem enviada para balancer: {"logicalTime":69,"action":"COORDINATOR","coordinatorId":"server3"}
21:36:09.044 - [Server server3] Mensagem recebida: {"fromServer":"server1","logicalTime":71,"action":"ELECTION"}
21:36:09.044 - [Server server3] Mensagem enviada para server2: {"logicalTime":70,"action":"COORDINATOR","coordinatorId":"server3"}
21:36:09.044 - [Server server3] Recebida mensagem de eleição de server1
21:36:09.045 - [Server server3] Enviada resposta de eleição para server1
21:36:09.045 - [Server server3] Iniciando eleição de coordenador
21:36:09.045 - [Server server3] Este servidor foi eleito como coordenador
21:36:09.046 - [Server server3] Mensagem enviada para server1: {"logicalTime":71,"action":"COORDINATOR","coordinatorId":"server3"}
21:36:09.046 - [Server server3] Enviada mensagem de coordenador para balancer
21:36:09.047 - [Server server3] Enviada mensagem de coordenador para server2
21:36:09.047 - [Server server3] Enviada mensagem de coordenador para server1
21:36:09.068 - [Server server3] Mensagem enviada para server2: {"fromServer":"server3","logicalTime":73,"action":"ELECTION_RESPONSE"}
21:36:09.069 - [Server server3] Mensagem enviada para balancer: {"logicalTime":74,"action":"COORDINATOR","coordinatorId":"server3"}
21:36:09.070 - [Server server3] Mensagem enviada para server2: {"logicalTime":75,"action":"COORDINATOR","coordinatorId":"server3"}
21:36:09.071 - [Server server3] Mensagem enviada para server1: {"logicalTime":76,"action":"COORDINATOR","coordinatorId":"server3"}
21:36:09.076 - [Server server3] Mensagem enviada para server1: {"fromServer":"server3","logicalTime":79,"action":"ELECTION_RESPONSE"}
21:36:09.076 - [Server server3] Mensagem enviada para server2: {"logicalTime":81,"action":"COORDINATOR","coordinatorId":"server3"}
21:36:09.076 - [Server server3] Mensagem enviada para balancer: {"logicalTime":82,"action":"COORDINATOR","coordinatorId":"server3"}
21:36:09.077 - [Server server3] Mensagem enviada para server1: {"logicalTime":83,"action":"COORDINATOR","coordinatorId":"server3"}
21:36:15.795 - [Server server3] Verificando status dos servidores...
21:36:30.786 - [Server server3] Verificando status dos servidores...
21:36:45.791 - [Server server3] Verificando status dos servidores...
21:36:54.810 - [Server server3] Mensagem enviada para balancer: {"coordinator":"server3","logicalTime":213,"action":"TIME_REQUEST","timestamp":1746923814777}
21:36:54.813 - [Server server3] Mensagem enviada para server2: {"coordinator":"server3","logicalTime":214,"action":"TIME_REQUEST","timestamp":1746923814777}
21:36:54.814 - [Server server3] Mensagem enviada para server1: {"coordinator":"server3","logicalTime":215,"action":"TIME_REQUEST","timestamp":1746923814777}
21:36:54.851 - [Server server3] Mensagem recebida: {"requestTimestamp":1746923814777,"responseTimestamp":1746923814814,"logicalTime":215,"action":"TIME_RESPONSE","timeDifference":37,"serverId":"balancer"}
21:36:54.853 - [Server server3] Recebida resposta de tempo do servidor balancer. Diferença: 37ms
21:36:54.855 - [Server server3] Mensagem recebida: {"requestTimestamp":1746923814777,"responseTimestamp":1746923814814,"logicalTime":217,"action":"TIME_RESPONSE","timeDifference":37,"serverId":"server1"}
21:36:54.856 - [Server server3] Recebida resposta de tempo do servidor server1. Diferença: 37ms
21:36:54.856 - [Server server3] Mensagem recebida: {"requestTimestamp":1746923814777,"responseTimestamp":1746923814814,"logicalTime":216,"action":"TIME_RESPONSE","timeDifference":37,"serverId":"server2"}
21:36:54.857 - [Server server3] Recebida resposta de tempo do servidor server2. Diferença: 37ms
21:36:57.785 - [Server server3] Calculando ajuste de relógio com 4 amostras
21:36:57.786 - [Server server3] Offset médio calculado: 27ms
21:36:57.795 - [Server server3] Relógio atualizado: offset anterior=0, novo offset=-27, ajuste=-27ms
21:36:57.796 - [Server server3] Enviando ajuste de relógio para servidor balancer: -10ms
21:36:57.797 - [Server server3] Enviando ajuste de relógio para servidor server2: -10ms
21:36:57.797 - [Server server3] Enviando ajuste de relógio para servidor server1: -10ms
21:36:57.821 - [Server server3] Mensagem enviada para balancer: {"coordinator":"server3","logicalTime":228,"action":"CLOCK_ADJUSTMENT","adjustment":-10}
21:36:57.824 - [Server server3] Mensagem enviada para server1: {"coordinator":"server3","logicalTime":230,"action":"CLOCK_ADJUSTMENT","adjustment":-10}
21:36:57.827 - [Server server3] Mensagem enviada para server2: {"coordinator":"server3","logicalTime":229,"action":"CLOCK_ADJUSTMENT","adjustment":-10}
21:37:00.787 - [Server server3] Verificando status dos servidores...
21:37:15.791 - [Server server3] Verificando status dos servidores...
21:37:30.796 - [Server server3] Verificando status dos servidores...
21:37:45.787 - [Server server3] Verificando status dos servidores...
21:37:54.807 - [Server server3] Mensagem enviada para balancer: {"coordinator":"server3","logicalTime":383,"action":"TIME_REQUEST","timestamp":1746923874776}
21:37:54.809 - [Server server3] Mensagem enviada para server2: {"coordinator":"server3","logicalTime":384,"action":"TIME_REQUEST","timestamp":1746923874776}
21:37:54.810 - [Server server3] Mensagem enviada para server1: {"coordinator":"server3","logicalTime":385,"action":"TIME_REQUEST","timestamp":1746923874776}
21:37:54.844 - [Server server3] Mensagem recebida: {"requestTimestamp":1746923874776,"responseTimestamp":1746923874808,"logicalTime":385,"action":"TIME_RESPONSE","timeDifference":32,"serverId":"balancer"}
21:37:54.844 - [Server server3] Recebida resposta de tempo do servidor balancer. Diferença: 32ms
21:37:54.847 - [Server server3] Mensagem recebida: {"requestTimestamp":1746923874776,"responseTimestamp":1746923874810,"logicalTime":386,"action":"TIME_RESPONSE","timeDifference":34,"serverId":"server2"}
21:37:54.847 - [Server server3] Recebida resposta de tempo do servidor server2. Diferença: 34ms
21:37:54.848 - [Server server3] Mensagem recebida: {"requestTimestamp":1746923874776,"responseTimestamp":1746923874812,"logicalTime":387,"action":"TIME_RESPONSE","timeDifference":36,"serverId":"server1"}
21:37:54.848 - [Server server3] Recebida resposta de tempo do servidor server1. Diferença: 36ms
21:37:57.788 - [Server server3] Calculando ajuste de relógio com 4 amostras
21:37:57.789 - [Server server3] Offset médio calculado: 25ms
21:37:57.791 - [Server server3] Relógio atualizado: offset anterior=-27, novo offset=-52, ajuste=-25ms
21:37:57.792 - [Server server3] Enviando ajuste de relógio para servidor balancer: -7ms
21:37:57.795 - [Server server3] Enviando ajuste de relógio para servidor server2: -9ms
21:37:57.796 - [Server server3] Enviando ajuste de relógio para servidor server1: -11ms
21:37:57.842 - [Server server3] Mensagem enviada para balancer: {"coordinator":"server3","logicalTime":397,"action":"CLOCK_ADJUSTMENT","adjustment":-7}
21:37:57.846 - [Server server3] Mensagem enviada para server2: {"coordinator":"server3","logicalTime":398,"action":"CLOCK_ADJUSTMENT","adjustment":-9}
21:37:57.848 - [Server server3] Mensagem enviada para server1: {"coordinator":"server3","logicalTime":399,"action":"CLOCK_ADJUSTMENT","adjustment":-11}
21:38:00.791 - [Server server3] Verificando status dos servidores...
21:38:15.791 - [Server server3] Verificando status dos servidores...
21:38:30.789 - [Server server3] Verificando status dos servidores...
21:39:07.710 - [Server server3] EventLogger initialized for server server3
21:39:07.761 - [Server server3] Inicializando comunicação no endereço: tcp://localhost:6042
21:39:07.765 - [Server server3] Inicializando comunicação no endereço: tcp://localhost:6042
21:39:07.769 - [Server server3] Servidor registrado: balancer em localhost:6030
21:39:07.770 - [Server server3] Servidor registrado: balancer em localhost:6030
21:39:07.770 - [Server server3] Servidor registrado: server1 em localhost:6038
21:39:07.770 - [Server server3] Servidor registrado: server1 em localhost:6038
21:39:07.770 - [Server server3] Servidor registrado: server2 em localhost:6040
21:39:07.771 - [Server server3] Servidor registrado: server2 em localhost:6040
21:39:07.771 - [Server server3] Inicializando como servidor de aplicação
21:39:07.772 - [Server server3] Arquivo de usuários não encontrado, iniciando com repositório vazio
21:39:07.773 - [Server server3] Arquivo de publicações não encontrado, iniciando com repositório vazio
21:39:07.773 - [Server server3] Arquivo de mensagens não encontrado, iniciando com repositório vazio
21:39:07.775 - [Server server3] ReplicationManager inicializado com todos os repositórios
21:39:07.776 - [Server server3] Iniciando serviços...
21:39:07.778 - [Server server3] TimeManager inicializado com offset: 0
21:39:07.805 - [Server server3] Tentando bind em tcp://localhost:6042 (tentativa 1 de 5)
21:39:07.810 - [Server server3] Bind bem-sucedido em tcp://localhost:6042
21:39:08.799 - [Server server3] Comunicação entre servidores iniciada em tcp://localhost:6042
21:39:08.799 - [Server server3] Iniciando serviço de replicação de dados
21:39:08.803 - [Server server3] Todos os serviços de aplicação iniciados
21:39:08.805 - [Server server3] Sistema iniciado com sucesso
21:39:08.823 - [Server server3] Serviço de posts iniciado em tcp://localhost:5557
21:39:08.824 - [Server server3] Serviço de usuários iniciado em tcp://localhost:5857
21:39:08.825 - [Server server3] Serviço de mensagens iniciado em tcp://localhost:5657
21:39:08.826 - [Server server3] Serviço de seguidores iniciado em tcp://localhost:5757
21:39:10.809 - [Server server3] Mensagem recebida: {"syncAddress":"tcp://localhost:6038","logicalTime":21,"serverAddress":"localhost","action":"SERVER_ANNOUNCEMENT","serverPort":5555,"serverId":"server1"}
21:39:10.813 - [Server server3] Recebido anúncio do servidor server1 em localhost:5555 (sync: tcp://localhost:6038)
21:39:10.814 - [Server server3] Informações atualizadas para servidor: server1
21:39:12.835 - [Server server3] Iniciando serviço de descoberta de servidores
21:39:15.784 - [Server server3] Mensagem recebida: {"syncAddress":"tcp://localhost:6040","logicalTime":34,"serverAddress":"localhost","action":"SERVER_ANNOUNCEMENT","serverPort":5556,"serverId":"server2"}
21:39:15.785 - [Server server3] Recebido anúncio do servidor server2 em localhost:5556 (sync: tcp://localhost:6040)
21:39:15.785 - [Server server3] Informações atualizadas para servidor: server2
21:39:17.851 - [Server server3] Verificando status dos servidores...
21:39:20.846 - [Server server3] Anunciando presença do servidor server3 na rede
21:39:20.883 - [Server server3] Mensagem enviada para server2: {"syncAddress":"tcp://localhost:6042","logicalTime":48,"serverAddress":"localhost","action":"SERVER_ANNOUNCEMENT","serverPort":5557,"serverId":"server3"}
21:39:20.888 - [Server server3] Mensagem enviada para balancer: {"syncAddress":"tcp://localhost:6042","logicalTime":46,"serverAddress":"localhost","action":"SERVER_ANNOUNCEMENT","serverPort":5557,"serverId":"server3"}
21:39:20.891 - [Server server3] Mensagem enviada para server1: {"syncAddress":"tcp://localhost:6042","logicalTime":47,"serverAddress":"localhost","action":"SERVER_ANNOUNCEMENT","serverPort":5557,"serverId":"server3"}
21:39:26.258 - [Server server3] Mensagem recebida: {"fromServer":"balancer","logicalTime":66,"action":"ELECTION"}
21:39:26.259 - [Server server3] Recebida mensagem de eleição de balancer
21:39:26.259 - [Server server3] Enviada resposta de eleição para balancer
21:39:26.260 - [Server server3] Iniciando eleição de coordenador
21:39:26.261 - [Server server3] Este servidor foi eleito como coordenador
21:39:26.265 - [Server server3] Enviada mensagem de coordenador para balancer
21:39:26.266 - [Server server3] Enviada mensagem de coordenador para server2
21:39:26.267 - [Server server3] Enviada mensagem de coordenador para server1
21:39:26.301 - [Server server3] Mensagem enviada para balancer: {"fromServer":"server3","logicalTime":68,"action":"ELECTION_RESPONSE"}
21:39:26.303 - [Server server3] Mensagem enviada para balancer: {"logicalTime":69,"action":"COORDINATOR","coordinatorId":"server3"}
21:39:26.303 - [Server server3] Mensagem enviada para server2: {"logicalTime":70,"action":"COORDINATOR","coordinatorId":"server3"}
21:39:26.304 - [Server server3] Mensagem recebida: {"fromServer":"server2","logicalTime":70,"action":"ELECTION"}
21:39:26.304 - [Server server3] Recebida mensagem de eleição de server2
21:39:26.305 - [Server server3] Enviada resposta de eleição para server2
21:39:26.306 - [Server server3] Iniciando eleição de coordenador
21:39:26.306 - [Server server3] Mensagem enviada para server1: {"logicalTime":71,"action":"COORDINATOR","coordinatorId":"server3"}
21:39:26.307 - [Server server3] Este servidor foi eleito como coordenador
21:39:26.308 - [Server server3] Enviada mensagem de coordenador para balancer
21:39:26.308 - [Server server3] Enviada mensagem de coordenador para server2
21:39:26.308 - [Server server3] Enviada mensagem de coordenador para server1
21:39:26.310 - [Server server3] Mensagem recebida: {"fromServer":"server1","logicalTime":71,"action":"ELECTION"}
21:39:26.311 - [Server server3] Recebida mensagem de eleição de server1
21:39:26.311 - [Server server3] Enviada resposta de eleição para server1
21:39:26.312 - [Server server3] Iniciando eleição de coordenador
21:39:26.312 - [Server server3] Este servidor foi eleito como coordenador
21:39:26.313 - [Server server3] Enviada mensagem de coordenador para balancer
21:39:26.313 - [Server server3] Enviada mensagem de coordenador para server2
21:39:26.314 - [Server server3] Enviada mensagem de coordenador para server1
21:39:26.335 - [Server server3] Mensagem recebida: {"fromServer":"server2","logicalTime":80,"action":"ELECTION"}
21:39:26.336 - [Server server3] Recebida mensagem de eleição de server2
21:39:26.336 - [Server server3] Mensagem enviada para balancer: {"logicalTime":79,"action":"COORDINATOR","coordinatorId":"server3"}
21:39:26.336 - [Server server3] Enviada resposta de eleição para server2
21:39:26.336 - [Server server3] Iniciando eleição de coordenador
21:39:26.337 - [Server server3] Este servidor foi eleito como coordenador
21:39:26.337 - [Server server3] Mensagem enviada para server2: {"logicalTime":80,"action":"COORDINATOR","coordinatorId":"server3"}
21:39:26.337 - [Server server3] Enviada mensagem de coordenador para balancer
21:39:26.338 - [Server server3] Enviada mensagem de coordenador para server2
21:39:26.339 - [Server server3] Mensagem enviada para server1: {"logicalTime":81,"action":"COORDINATOR","coordinatorId":"server3"}
21:39:26.341 - [Server server3] Mensagem enviada para server2: {"fromServer":"server3","logicalTime":76,"action":"ELECTION_RESPONSE"}
21:39:26.341 - [Server server3] Enviada mensagem de coordenador para server1
21:39:26.343 - [Server server3] Mensagem enviada para server1: {"fromServer":"server3","logicalTime":84,"action":"ELECTION_RESPONSE"}
21:39:26.344 - [Server server3] Mensagem enviada para balancer: {"logicalTime":85,"action":"COORDINATOR","coordinatorId":"server3"}
21:39:26.346 - [Server server3] Mensagem enviada para server2: {"logicalTime":86,"action":"COORDINATOR","coordinatorId":"server3"}
21:39:26.347 - [Server server3] Mensagem enviada para server1: {"logicalTime":87,"action":"COORDINATOR","coordinatorId":"server3"}
21:39:26.364 - [Server server3] Mensagem enviada para server2: {"fromServer":"server3","logicalTime":89,"action":"ELECTION_RESPONSE"}
21:39:26.366 - [Server server3] Mensagem enviada para balancer: {"logicalTime":90,"action":"COORDINATOR","coordinatorId":"server3"}
21:39:26.367 - [Server server3] Mensagem enviada para server1: {"logicalTime":94,"action":"COORDINATOR","coordinatorId":"server3"}
21:39:26.370 - [Server server3] Mensagem enviada para server2: {"logicalTime":91,"action":"COORDINATOR","coordinatorId":"server3"}
21:39:32.843 - [Server server3] Verificando status dos servidores...
21:39:47.842 - [Server server3] Verificando status dos servidores...
21:40:02.839 - [Server server3] Verificando status dos servidores...
21:40:11.922 - [Server server3] Recebida resposta de tempo do servidor server2. Diferença: 44ms
21:40:11.924 - [Server server3] Recebida resposta de tempo do servidor server1. Diferença: 56ms
21:40:11.929 - [Server server3] Recebida resposta de tempo do servidor balancer. Diferença: 56ms
21:40:14.846 - [Server server3] Calculando ajuste de relógio com 4 amostras
21:40:14.847 - [Server server3] Offset médio calculado: 39ms
21:40:14.853 - [Server server3] Relógio atualizado: offset anterior=0, novo offset=-39, ajuste=-39ms
21:40:14.854 - [Server server3] Enviando ajuste de relógio para servidor balancer: -17ms
21:40:14.854 - [Server server3] Enviando ajuste de relógio para servidor server2: -5ms
21:40:14.855 - [Server server3] Enviando ajuste de relógio para servidor server1: -17ms
21:40:17.846 - [Server server3] Verificando status dos servidores...
21:40:32.851 - [Server server3] Verificando status dos servidores...
21:40:47.844 - [Server server3] Verificando status dos servidores...
21:41:02.845 - [Server server3] Verificando status dos servidores...
21:41:11.881 - [Server server3] Recebida resposta de tempo do servidor server2. Diferença: 22ms
21:41:11.887 - [Server server3] Recebida resposta de tempo do servidor balancer. Diferença: 25ms
21:41:11.889 - [Server server3] Recebida resposta de tempo do servidor server1. Diferença: 27ms
21:41:14.841 - [Server server3] Calculando ajuste de relógio com 4 amostras
21:41:14.842 - [Server server3] Offset médio calculado: 18ms
21:41:14.842 - [Server server3] Relógio atualizado: offset anterior=-39, novo offset=-57, ajuste=-18ms
21:41:14.843 - [Server server3] Enviando ajuste de relógio para servidor balancer: -7ms
21:41:14.844 - [Server server3] Enviando ajuste de relógio para servidor server2: -4ms
21:41:14.845 - [Server server3] Enviando ajuste de relógio para servidor server1: -9ms
21:41:17.847 - [Server server3] Verificando status dos servidores...
21:41:32.849 - [Server server3] Verificando status dos servidores...
21:41:47.837 - [Server server3] Verificando status dos servidores...
21:42:02.839 - [Server server3] Verificando status dos servidores...
21:42:11.926 - [Server server3] Recebida resposta de tempo do servidor server1. Diferença: 53ms
21:42:11.932 - [Server server3] Recebida resposta de tempo do servidor balancer. Diferença: 50ms
21:42:11.939 - [Server server3] Recebida resposta de tempo do servidor server2. Diferença: 65ms
21:42:14.845 - [Server server3] Calculando ajuste de relógio com 4 amostras
21:42:14.846 - [Server server3] Offset médio calculado: 42ms
21:42:14.846 - [Server server3] Relógio atualizado: offset anterior=-57, novo offset=-99, ajuste=-42ms
21:42:14.847 - [Server server3] Enviando ajuste de relógio para servidor balancer: -8ms
21:42:14.848 - [Server server3] Enviando ajuste de relógio para servidor server2: -23ms
21:42:14.849 - [Server server3] Enviando ajuste de relógio para servidor server1: -11ms
21:42:17.839 - [Server server3] Verificando status dos servidores...
21:42:32.839 - [Server server3] Verificando status dos servidores...
21:42:47.849 - [Server server3] Verificando status dos servidores...
21:43:02.846 - [Server server3] Verificando status dos servidores...
21:43:11.910 - [Server server3] Recebida resposta de tempo do servidor balancer. Diferença: 42ms
21:43:11.912 - [Server server3] Recebida resposta de tempo do servidor server1. Diferença: 46ms
21:43:11.914 - [Server server3] Recebida resposta de tempo do servidor server2. Diferença: 48ms
21:43:14.843 - [Server server3] Calculando ajuste de relógio com 4 amostras
21:43:14.844 - [Server server3] Offset médio calculado: 34ms
21:43:14.844 - [Server server3] Relógio atualizado: offset anterior=-99, novo offset=-133, ajuste=-34ms
21:43:14.845 - [Server server3] Enviando ajuste de relógio para servidor balancer: -8ms
21:43:14.847 - [Server server3] Enviando ajuste de relógio para servidor server2: -14ms
21:43:14.849 - [Server server3] Enviando ajuste de relógio para servidor server1: -12ms
21:43:17.845 - [Server server3] Verificando status dos servidores...
21:43:32.850 - [Server server3] Verificando status dos servidores...
21:43:57.601 - [Server server3] EventLogger initialized for server server3
21:43:57.645 - [Server server3] Inicializando comunicação no endereço: tcp://localhost:6042
21:43:57.648 - [Server server3] Inicializando comunicação no endereço: tcp://localhost:6042
21:43:57.651 - [Server server3] Servidor registrado: balancer em localhost:6030
21:43:57.652 - [Server server3] Servidor registrado: balancer em localhost:6030
21:43:57.652 - [Server server3] Servidor registrado: server1 em localhost:6038
21:43:57.652 - [Server server3] Servidor registrado: server1 em localhost:6038
21:43:57.652 - [Server server3] Servidor registrado: server2 em localhost:6040
21:43:57.653 - [Server server3] Servidor registrado: server2 em localhost:6040
21:43:57.653 - [Server server3] Inicializando como servidor de aplicação
21:43:57.654 - [Server server3] Arquivo de usuários não encontrado, iniciando com repositório vazio
21:43:57.654 - [Server server3] Arquivo de publicações não encontrado, iniciando com repositório vazio
21:43:57.655 - [Server server3] Arquivo de mensagens não encontrado, iniciando com repositório vazio
21:43:57.658 - [Server server3] ReplicationManager inicializado com todos os repositórios
21:43:57.658 - [Server server3] Iniciando serviços...
21:43:57.660 - [Server server3] TimeManager inicializado com offset: 0
21:43:57.683 - [Server server3] Tentando bind em tcp://localhost:6042 (tentativa 1 de 5)
21:43:57.688 - [Server server3] Bind bem-sucedido em tcp://localhost:6042
21:43:58.676 - [Server server3] Comunicação entre servidores iniciada em tcp://localhost:6042
21:43:58.676 - [Server server3] Iniciando serviço de replicação de dados
21:43:58.681 - [Server server3] Todos os serviços de aplicação iniciados
21:43:58.683 - [Server server3] Sistema iniciado com sucesso
21:43:58.701 - [Server server3] Serviço de usuários iniciado em tcp://localhost:5857
21:43:58.702 - [Server server3] Serviço de mensagens iniciado em tcp://localhost:5657
21:43:58.702 - [Server server3] Serviço de posts iniciado em tcp://localhost:5557
21:43:58.703 - [Server server3] Serviço de seguidores iniciado em tcp://localhost:5757
21:44:00.858 - [Server server3] Recebido anúncio do servidor server1 em localhost:5555 (sync: tcp://localhost:6038)
21:44:00.858 - [Server server3] Informações atualizadas para servidor: server1
21:44:02.695 - [Server server3] Iniciando serviço de descoberta de servidores
21:44:05.823 - [Server server3] Recebido anúncio do servidor server2 em localhost:5556 (sync: tcp://localhost:6040)
21:44:05.824 - [Server server3] Informações atualizadas para servidor: server2
21:44:07.712 - [Server server3] Verificando status dos servidores...
21:44:10.711 - [Server server3] Anunciando presença do servidor server3 na rede
21:44:16.037 - [Server server3] Recebida mensagem de eleição de balancer
21:44:16.038 - [Server server3] Enviada resposta de eleição para balancer
21:44:16.074 - [Server server3] Mensagem enviada para balancer: {"logicalTime":68,"action":"COORDINATOR","coordinatorId":"server3"}
21:44:16.075 - [Server server3] Mensagem enviada para server1: {"logicalTime":70,"action":"COORDINATOR","coordinatorId":"server3"}
21:44:16.077 - [Server server3] Mensagem enviada para server2: {"logicalTime":69,"action":"COORDINATOR","coordinatorId":"server3"}
21:44:16.078 - [Server server3] Recebida mensagem de eleição de server1
21:44:16.079 - [Server server3] Enviada resposta de eleição para server1
21:44:16.079 - [Server server3] Recebida mensagem de eleição de server2
21:44:16.080 - [Server server3] Enviada resposta de eleição para server2
21:44:16.108 - [Server server3] Mensagem enviada para server1: {"logicalTime":82,"action":"COORDINATOR","coordinatorId":"server3"}
21:44:16.108 - [Server server3] Mensagem enviada para balancer: {"logicalTime":80,"action":"COORDINATOR","coordinatorId":"server3"}
21:44:16.108 - [Server server3] Mensagem enviada para server2: {"logicalTime":81,"action":"COORDINATOR","coordinatorId":"server3"}
21:44:16.110 - [Server server3] Mensagem enviada para balancer: {"logicalTime":85,"action":"COORDINATOR","coordinatorId":"server3"}
21:44:16.113 - [Server server3] Mensagem enviada para server2: {"logicalTime":86,"action":"COORDINATOR","coordinatorId":"server3"}
21:44:16.114 - [Server server3] Mensagem enviada para server1: {"logicalTime":87,"action":"COORDINATOR","coordinatorId":"server3"}
21:44:16.115 - [Server server3] Recebida mensagem de eleição de server2
21:44:16.115 - [Server server3] Enviada resposta de eleição para server2
21:44:16.130 - [Server server3] Mensagem enviada para server1: {"logicalTime":99,"action":"COORDINATOR","coordinatorId":"server3"}
21:44:16.130 - [Server server3] Mensagem enviada para server2: {"logicalTime":98,"action":"COORDINATOR","coordinatorId":"server3"}
21:44:16.136 - [Server server3] Mensagem enviada para balancer: {"logicalTime":97,"action":"COORDINATOR","coordinatorId":"server3"}
21:44:22.710 - [Server server3] Verificando status dos servidores...
21:44:37.702 - [Server server3] Verificando status dos servidores...
21:44:52.704 - [Server server3] Verificando status dos servidores...
21:45:01.763 - [Server server3] Recebida resposta de tempo do servidor balancer. Diferença: 35ms
21:45:01.779 - [Server server3] Recebida resposta de tempo do servidor server1. Diferença: 50ms
21:45:01.780 - [Server server3] Recebida resposta de tempo do servidor server2. Diferença: 51ms
21:45:04.698 - [Server server3] Calculando ajuste de relógio com 4 amostras
21:45:04.701 - [Server server3] Offset médio calculado: 34ms
21:45:04.711 - [Server server3] Enviando ajuste de relógio para servidor balancer: -1ms
21:45:04.712 - [Server server3] Enviando ajuste de relógio para servidor server2: -17ms
21:45:04.713 - [Server server3] Enviando ajuste de relógio para servidor server1: -16ms
21:45:07.701 - [Server server3] Verificando status dos servidores...
21:45:22.706 - [Server server3] Verificando status dos servidores...
21:45:37.707 - [Server server3] Verificando status dos servidores...
21:45:52.706 - [Server server3] Verificando status dos servidores...
21:46:01.754 - [Server server3] Recebida resposta de tempo do servidor server1. Diferença: 33ms
21:46:01.756 - [Server server3] Recebida resposta de tempo do servidor server2. Diferença: 37ms
21:46:01.758 - [Server server3] Recebida resposta de tempo do servidor balancer. Diferença: 34ms
21:46:04.697 - [Server server3] Calculando ajuste de relógio com 4 amostras
21:46:04.698 - [Server server3] Offset médio calculado: 26ms
21:46:04.700 - [Server server3] Enviando ajuste de relógio para servidor balancer: -8ms
21:46:04.700 - [Server server3] Enviando ajuste de relógio para servidor server2: -11ms
21:46:04.701 - [Server server3] Enviando ajuste de relógio para servidor server1: -7ms
21:46:07.709 - [Server server3] Verificando status dos servidores...
21:46:22.715 - [Server server3] Verificando status dos servidores...
21:46:37.700 - [Server server3] Verificando status dos servidores...
21:46:52.708 - [Server server3] Verificando status dos servidores...
21:47:01.747 - [Server server3] Recebida resposta de tempo do servidor server2. Diferença: 33ms
21:47:01.748 - [Server server3] Recebida resposta de tempo do servidor balancer. Diferença: 36ms
21:47:01.749 - [Server server3] Recebida resposta de tempo do servidor server1. Diferença: 37ms
21:47:04.698 - [Server server3] Calculando ajuste de relógio com 4 amostras
21:47:04.699 - [Server server3] Offset médio calculado: 26ms
21:47:04.700 - [Server server3] Enviando ajuste de relógio para servidor balancer: -10ms
21:47:04.700 - [Server server3] Enviando ajuste de relógio para servidor server2: -7ms
21:47:04.701 - [Server server3] Enviando ajuste de relógio para servidor server1: -11ms
21:47:07.702 - [Server server3] Verificando status dos servidores...
21:47:22.700 - [Server server3] Verificando status dos servidores...
21:47:37.702 - [Server server3] Verificando status dos servidores...
00:29:50.677 - [Server server3] EventLogger initialized for server server3
00:29:50.722 - [Server server3] Inicializando comunicação no endereço: tcp://localhost:6042
00:29:50.725 - [Server server3] Inicializando comunicação no endereço: tcp://localhost:6042
00:29:50.729 - [Server server3] Servidor registrado: balancer em localhost:6030
00:29:50.729 - [Server server3] Servidor registrado: balancer em localhost:6030
00:29:50.729 - [Server server3] Servidor registrado: server1 em localhost:6038
00:29:50.729 - [Server server3] Servidor registrado: server1 em localhost:6038
00:29:50.731 - [Server server3] Servidor registrado: server2 em localhost:6040
00:29:50.731 - [Server server3] Servidor registrado: server2 em localhost:6040
00:29:50.731 - [Server server3] Inicializando como servidor de aplicação
00:29:50.732 - [Server server3] Arquivo de usuários não encontrado, iniciando com repositório vazio
00:29:50.733 - [Server server3] Arquivo de publicações não encontrado, iniciando com repositório vazio
00:29:50.733 - [Server server3] Arquivo de mensagens não encontrado, iniciando com repositório vazio
00:29:50.736 - [Server server3] ReplicationManager inicializado com todos os repositórios
00:29:50.736 - [Server server3] Iniciando serviços...
00:29:50.763 - [Server server3] Tentando bind em tcp://localhost:6042 (tentativa 1 de 5)
00:29:50.766 - [Server server3] Bind bem-sucedido em tcp://localhost:6042
00:29:51.750 - [Server server3] Comunicação entre servidores iniciada em tcp://localhost:6042
00:29:51.751 - [Server server3] Iniciando serviço de replicação de dados
00:29:51.752 - [Server server3] Todos os serviços de aplicação iniciados
00:29:51.754 - [Server server3] Sistema iniciado com sucesso
00:29:51.768 - [Server server3] Serviço de posts iniciado em tcp://localhost:5557
00:29:51.768 - [Server server3] Serviço de usuários iniciado em tcp://localhost:5857
00:29:51.768 - [Server server3] Serviço de mensagens iniciado em tcp://localhost:5657
00:29:51.771 - [Server server3] Serviço de seguidores iniciado em tcp://localhost:5757
00:29:53.853 - [Server server3] Recebido anúncio do servidor server1 em localhost:5555 (sync: tcp://localhost:6038)
00:29:53.853 - [Server server3] Informações atualizadas para servidor: server1
00:29:55.789 - [Server server3] Iniciando serviço de descoberta de servidores
00:29:58.877 - [Server server3] Recebido anúncio do servidor server2 em localhost:5556 (sync: tcp://localhost:6040)
00:29:58.877 - [Server server3] Informações atualizadas para servidor: server2
00:30:00.802 - [Server server3] Verificando status dos servidores...
00:30:03.797 - [Server server3] Anunciando presença do servidor server3 na rede
00:30:09.242 - [Server server3] Recebida mensagem de eleição de balancer
00:30:09.243 - [Server server3] Enviada resposta de eleição para balancer
00:30:09.301 - [Server server3] Recebida mensagem de eleição de server1
00:30:09.302 - [Server server3] Enviada resposta de eleição para server1
00:30:09.302 - [Server server3] Recebida mensagem de eleição de server2
00:30:09.303 - [Server server3] Enviada resposta de eleição para server2
00:30:09.337 - [Server server3] Recebida mensagem de eleição de server2
00:30:09.337 - [Server server3] Enviada resposta de eleição para server2
00:30:15.794 - [Server server3] Verificando status dos servidores...
00:30:30.806 - [Server server3] Verificando status dos servidores...
00:30:45.802 - [Server server3] Verificando status dos servidores...
00:30:53.924 - [Server server3] Mensagem recebida: {"sourceServerId":"server1","data":{"createdAt":"2025-05-12T00:30:53.809803400","password":"sav","username":"miro"},"logicalTime":225,"action":"DATA_REPLICATION","entityId":"miro","eventType":"USER_CREATED","timestamp":1747020653826}
00:30:54.868 - [Server server3] Recebida resposta de tempo do servidor server2. Diferença: 42ms
00:30:54.868 - [Server server3] Recebida resposta de tempo do servidor balancer. Diferença: 40ms
00:30:54.869 - [Server server3] Recebida resposta de tempo do servidor server1. Diferença: 43ms
00:31:00.804 - [Server server3] Verificando status dos servidores...
00:31:15.806 - [Server server3] Verificando status dos servidores...
00:31:30.805 - [Server server3] Verificando status dos servidores...
00:31:45.808 - [Server server3] Verificando status dos servidores...
00:31:54.849 - [Server server3] Recebida resposta de tempo do servidor balancer. Diferença: 35ms
00:31:54.849 - [Server server3] Recebida resposta de tempo do servidor server2. Diferença: 35ms
00:31:54.851 - [Server server3] Recebida resposta de tempo do servidor server1. Diferença: 35ms
00:32:00.793 - [Server server3] Verificando status dos servidores...
00:32:15.800 - [Server server3] Verificando status dos servidores...
00:32:30.804 - [Server server3] Verificando status dos servidores...
00:32:45.805 - [Server server3] Verificando status dos servidores...
00:32:54.838 - [Server server3] Recebida resposta de tempo do servidor server1. Diferença: 32ms
00:32:54.846 - [Server server3] Recebida resposta de tempo do servidor balancer. Diferença: 35ms
00:32:54.847 - [Server server3] Recebida resposta de tempo do servidor server2. Diferença: 28ms
00:33:00.798 - [Server server3] Verificando status dos servidores...
00:33:15.802 - [Server server3] Verificando status dos servidores...
00:33:30.805 - [Server server3] Verificando status dos servidores...
00:33:45.801 - [Server server3] Verificando status dos servidores...
